{"C:\\Users\\nayak\\OneDrive\\Desktop\\Projects\\web\\MyMate\\backend\\server.ts": {"path":"C:\\Users\\nayak\\OneDrive\\Desktop\\Projects\\web\\MyMate\\backend\\server.ts","statementMap":{"0":{"start":{"line":28,"column":18},"end":{"line":28,"column":48}},"1":{"start":{"line":29,"column":17},"end":{"line":29,"column":40}},"2":{"start":{"line":31,"column":12},"end":{"line":31,"column":21}},"3":{"start":{"line":33,"column":0},"end":{"line":33,"column":26}},"4":{"start":{"line":35,"column":23},"end":{"line":38,"column":18}},"5":{"start":{"line":37,"column":14},"end":{"line":37,"column":42}},"6":{"start":{"line":40,"column":0},"end":{"line":44,"column":4}},"7":{"start":{"line":46,"column":0},"end":{"line":53,"column":4}},"8":{"start":{"line":48,"column":4},"end":{"line":48,"column":70}},"9":{"start":{"line":48,"column":48},"end":{"line":48,"column":70}},"10":{"start":{"line":49,"column":4},"end":{"line":49,"column":83}},"11":{"start":{"line":49,"column":61},"end":{"line":49,"column":83}},"12":{"start":{"line":50,"column":4},"end":{"line":50,"column":58}},"13":{"start":{"line":55,"column":0},"end":{"line":55,"column":23}},"14":{"start":{"line":56,"column":0},"end":{"line":56,"column":41}},"15":{"start":{"line":57,"column":0},"end":{"line":57,"column":63}},"16":{"start":{"line":58,"column":0},"end":{"line":58,"column":25}},"17":{"start":{"line":60,"column":0},"end":{"line":62,"column":3}},"18":{"start":{"line":61,"column":2},"end":{"line":61,"column":92}},"19":{"start":{"line":64,"column":0},"end":{"line":71,"column":3}},"20":{"start":{"line":65,"column":2},"end":{"line":70,"column":5}},"21":{"start":{"line":73,"column":0},"end":{"line":73,"column":68}},"22":{"start":{"line":75,"column":0},"end":{"line":75,"column":32}},"23":{"start":{"line":76,"column":0},"end":{"line":76,"column":46}},"24":{"start":{"line":77,"column":0},"end":{"line":77,"column":38}},"25":{"start":{"line":78,"column":0},"end":{"line":78,"column":40}},"26":{"start":{"line":79,"column":0},"end":{"line":79,"column":38}},"27":{"start":{"line":80,"column":0},"end":{"line":80,"column":40}},"28":{"start":{"line":81,"column":0},"end":{"line":81,"column":34}},"29":{"start":{"line":82,"column":0},"end":{"line":82,"column":42}},"30":{"start":{"line":83,"column":0},"end":{"line":83,"column":40}},"31":{"start":{"line":84,"column":0},"end":{"line":84,"column":35}},"32":{"start":{"line":85,"column":0},"end":{"line":85,"column":50}},"33":{"start":{"line":87,"column":0},"end":{"line":89,"column":3}},"34":{"start":{"line":88,"column":2},"end":{"line":88,"column":89}},"35":{"start":{"line":91,"column":0},"end":{"line":91,"column":22}},"36":{"start":{"line":93,"column":13},"end":{"line":93,"column":37}},"37":{"start":{"line":95,"column":0},"end":{"line":122,"column":3}},"38":{"start":{"line":96,"column":21},"end":{"line":96,"column":38}},"39":{"start":{"line":97,"column":2},"end":{"line":97,"column":41}},"40":{"start":{"line":98,"column":2},"end":{"line":98,"column":18}},"41":{"start":{"line":101,"column":2},"end":{"line":105,"column":3}},"42":{"start":{"line":102,"column":4},"end":{"line":104,"column":7}},"43":{"start":{"line":103,"column":6},"end":{"line":103,"column":52}},"44":{"start":{"line":107,"column":19},"end":{"line":118,"column":3}},"45":{"start":{"line":108,"column":4},"end":{"line":108,"column":64}},"46":{"start":{"line":109,"column":4},"end":{"line":116,"column":5}},"47":{"start":{"line":110,"column":6},"end":{"line":113,"column":9}},"48":{"start":{"line":111,"column":8},"end":{"line":111,"column":37}},"49":{"start":{"line":112,"column":8},"end":{"line":112,"column":24}},"50":{"start":{"line":115,"column":6},"end":{"line":115,"column":22}},"51":{"start":{"line":117,"column":4},"end":{"line":117,"column":45}},"52":{"start":{"line":117,"column":21},"end":{"line":117,"column":36}},"53":{"start":{"line":120,"column":2},"end":{"line":120,"column":51}},"54":{"start":{"line":120,"column":30},"end":{"line":120,"column":49}},"55":{"start":{"line":121,"column":2},"end":{"line":121,"column":49}},"56":{"start":{"line":121,"column":29},"end":{"line":121,"column":47}}},"fnMap":{"0":{"name":"(anonymous_0)","decl":{"start":{"line":37,"column":7},"end":{"line":37,"column":8}},"loc":{"start":{"line":37,"column":14},"end":{"line":37,"column":42}}},"1":{"name":"(anonymous_1)","decl":{"start":{"line":47,"column":2},"end":{"line":47,"column":8}},"loc":{"start":{"line":47,"column":19},"end":{"line":51,"column":3}}},"2":{"name":"(anonymous_2)","decl":{"start":{"line":60,"column":19},"end":{"line":60,"column":20}},"loc":{"start":{"line":60,"column":32},"end":{"line":62,"column":1}}},"3":{"name":"(anonymous_3)","decl":{"start":{"line":64,"column":13},"end":{"line":64,"column":14}},"loc":{"start":{"line":64,"column":26},"end":{"line":71,"column":1}}},"4":{"name":"(anonymous_4)","decl":{"start":{"line":87,"column":8},"end":{"line":87,"column":9}},"loc":{"start":{"line":87,"column":21},"end":{"line":89,"column":1}}},"5":{"name":"(anonymous_5)","decl":{"start":{"line":95,"column":17},"end":{"line":95,"column":20}},"loc":{"start":{"line":95,"column":22},"end":{"line":122,"column":1}}},"6":{"name":"(anonymous_6)","decl":{"start":{"line":102,"column":37},"end":{"line":102,"column":40}},"loc":{"start":{"line":102,"column":42},"end":{"line":104,"column":5}}},"7":{"name":"(anonymous_7)","decl":{"start":{"line":107,"column":19},"end":{"line":107,"column":20}},"loc":{"start":{"line":107,"column":30},"end":{"line":118,"column":3}}},"8":{"name":"(anonymous_8)","decl":{"start":{"line":110,"column":19},"end":{"line":110,"column":22}},"loc":{"start":{"line":110,"column":24},"end":{"line":113,"column":7}}},"9":{"name":"(anonymous_9)","decl":{"start":{"line":117,"column":15},"end":{"line":117,"column":18}},"loc":{"start":{"line":117,"column":21},"end":{"line":117,"column":36}}},"10":{"name":"(anonymous_10)","decl":{"start":{"line":120,"column":24},"end":{"line":120,"column":27}},"loc":{"start":{"line":120,"column":30},"end":{"line":120,"column":49}}},"11":{"name":"(anonymous_11)","decl":{"start":{"line":121,"column":23},"end":{"line":121,"column":26}},"loc":{"start":{"line":121,"column":29},"end":{"line":121,"column":47}}}},"branchMap":{"0":{"loc":{"start":{"line":35,"column":24},"end":{"line":35,"column":73}},"type":"binary-expr","locations":[{"start":{"line":35,"column":24},"end":{"line":35,"column":46}},{"start":{"line":35,"column":50},"end":{"line":35,"column":73}}]},"1":{"loc":{"start":{"line":48,"column":4},"end":{"line":48,"column":70}},"type":"if","locations":[{"start":{"line":48,"column":4},"end":{"line":48,"column":70}},{"start":{},"end":{}}]},"2":{"loc":{"start":{"line":48,"column":8},"end":{"line":48,"column":46}},"type":"binary-expr","locations":[{"start":{"line":48,"column":8},"end":{"line":48,"column":15}},{"start":{"line":48,"column":19},"end":{"line":48,"column":46}}]},"3":{"loc":{"start":{"line":49,"column":4},"end":{"line":49,"column":83}},"type":"if","locations":[{"start":{"line":49,"column":4},"end":{"line":49,"column":83}},{"start":{},"end":{}}]},"4":{"loc":{"start":{"line":93,"column":13},"end":{"line":93,"column":37}},"type":"binary-expr","locations":[{"start":{"line":93,"column":13},"end":{"line":93,"column":29}},{"start":{"line":93,"column":33},"end":{"line":93,"column":37}}]},"5":{"loc":{"start":{"line":101,"column":2},"end":{"line":105,"column":3}},"type":"if","locations":[{"start":{"line":101,"column":2},"end":{"line":105,"column":3}},{"start":{},"end":{}}]},"6":{"loc":{"start":{"line":109,"column":4},"end":{"line":116,"column":5}},"type":"if","locations":[{"start":{"line":109,"column":4},"end":{"line":116,"column":5}},{"start":{"line":114,"column":11},"end":{"line":116,"column":5}}]}},"s":{"0":1,"1":1,"2":1,"3":1,"4":1,"5":1,"6":1,"7":1,"8":1,"9":1,"10":0,"11":0,"12":0,"13":1,"14":1,"15":1,"16":1,"17":1,"18":1,"19":1,"20":0,"21":1,"22":1,"23":1,"24":1,"25":1,"26":1,"27":1,"28":1,"29":1,"30":1,"31":1,"32":1,"33":1,"34":0,"35":1,"36":1,"37":1,"38":0,"39":0,"40":0,"41":0,"42":0,"43":0,"44":0,"45":0,"46":0,"47":0,"48":0,"49":0,"50":0,"51":0,"52":0,"53":0,"54":0,"55":0,"56":0},"f":{"0":1,"1":1,"2":1,"3":0,"4":0,"5":0,"6":0,"7":0,"8":0,"9":0,"10":0,"11":0},"b":{"0":[1,0],"1":[1,0],"2":[1,0],"3":[0,0],"4":[1,0],"5":[0,0],"6":[0,0]}}
,"C:\\Users\\nayak\\OneDrive\\Desktop\\Projects\\web\\MyMate\\backend\\config\\cloudinary.ts": {"path":"C:\\Users\\nayak\\OneDrive\\Desktop\\Projects\\web\\MyMate\\backend\\config\\cloudinary.ts","statementMap":{"0":{"start":{"line":4,"column":0},"end":{"line":8,"column":3}}},"fnMap":{},"branchMap":{},"s":{"0":1},"f":{},"b":{}}
,"C:\\Users\\nayak\\OneDrive\\Desktop\\Projects\\web\\MyMate\\backend\\config\\db.ts": {"path":"C:\\Users\\nayak\\OneDrive\\Desktop\\Projects\\web\\MyMate\\backend\\config\\db.ts","statementMap":{"0":{"start":{"line":4,"column":18},"end":{"line":16,"column":1}},"1":{"start":{"line":5,"column":2},"end":{"line":5,"column":37}},"2":{"start":{"line":6,"column":2},"end":{"line":15,"column":3}},"3":{"start":{"line":7,"column":17},"end":{"line":10,"column":6}},"4":{"start":{"line":11,"column":4},"end":{"line":11,"column":62}},"5":{"start":{"line":13,"column":4},"end":{"line":13,"column":64}},"6":{"start":{"line":14,"column":4},"end":{"line":14,"column":20}},"7":{"start":{"line":18,"column":0},"end":{"line":20,"column":3}},"8":{"start":{"line":19,"column":2},"end":{"line":19,"column":39}},"9":{"start":{"line":21,"column":0},"end":{"line":23,"column":3}},"10":{"start":{"line":22,"column":2},"end":{"line":22,"column":38}}},"fnMap":{"0":{"name":"(anonymous_0)","decl":{"start":{"line":4,"column":18},"end":{"line":4,"column":23}},"loc":{"start":{"line":4,"column":29},"end":{"line":16,"column":1}}},"1":{"name":"(anonymous_1)","decl":{"start":{"line":18,"column":39},"end":{"line":18,"column":42}},"loc":{"start":{"line":18,"column":44},"end":{"line":20,"column":1}}},"2":{"name":"(anonymous_2)","decl":{"start":{"line":21,"column":38},"end":{"line":21,"column":41}},"loc":{"start":{"line":21,"column":43},"end":{"line":23,"column":1}}}},"branchMap":{},"s":{"0":1,"1":1,"2":1,"3":1,"4":0,"5":0,"6":0,"7":1,"8":0,"9":1,"10":0},"f":{"0":1,"1":0,"2":0},"b":{}}
,"C:\\Users\\nayak\\OneDrive\\Desktop\\Projects\\web\\MyMate\\backend\\config\\email.ts": {"path":"C:\\Users\\nayak\\OneDrive\\Desktop\\Projects\\web\\MyMate\\backend\\config\\email.ts","statementMap":{"0":{"start":{"line":5,"column":20},"end":{"line":13,"column":2}},"1":{"start":{"line":15,"column":25},"end":{"line":28,"column":1}},"2":{"start":{"line":16,"column":2},"end":{"line":27,"column":3}},"3":{"start":{"line":17,"column":17},"end":{"line":23,"column":6}},"4":{"start":{"line":24,"column":4},"end":{"line":24,"column":49}},"5":{"start":{"line":26,"column":4},"end":{"line":26,"column":47}},"6":{"start":{"line":30,"column":39},"end":{"line":36,"column":1}},"7":{"start":{"line":31,"column":2},"end":{"line":35,"column":5}},"8":{"start":{"line":38,"column":39},"end":{"line":44,"column":1}},"9":{"start":{"line":39,"column":2},"end":{"line":43,"column":5}},"10":{"start":{"line":46,"column":38},"end":{"line":53,"column":1}},"11":{"start":{"line":47,"column":19},"end":{"line":47,"column":75}},"12":{"start":{"line":48,"column":2},"end":{"line":52,"column":5}},"13":{"start":{"line":55,"column":34},"end":{"line":61,"column":1}},"14":{"start":{"line":56,"column":2},"end":{"line":60,"column":5}},"15":{"start":{"line":63,"column":37},"end":{"line":70,"column":1}},"16":{"start":{"line":64,"column":20},"end":{"line":64,"column":69}},"17":{"start":{"line":65,"column":2},"end":{"line":69,"column":5}}},"fnMap":{"0":{"name":"(anonymous_0)","decl":{"start":{"line":15,"column":25},"end":{"line":15,"column":30}},"loc":{"start":{"line":15,"column":126},"end":{"line":28,"column":1}}},"1":{"name":"(anonymous_1)","decl":{"start":{"line":30,"column":39},"end":{"line":30,"column":44}},"loc":{"start":{"line":30,"column":86},"end":{"line":36,"column":1}}},"2":{"name":"(anonymous_2)","decl":{"start":{"line":38,"column":39},"end":{"line":38,"column":44}},"loc":{"start":{"line":38,"column":102},"end":{"line":44,"column":1}}},"3":{"name":"(anonymous_3)","decl":{"start":{"line":46,"column":38},"end":{"line":46,"column":43}},"loc":{"start":{"line":46,"column":83},"end":{"line":53,"column":1}}},"4":{"name":"(anonymous_4)","decl":{"start":{"line":55,"column":34},"end":{"line":55,"column":39}},"loc":{"start":{"line":55,"column":72},"end":{"line":61,"column":1}}},"5":{"name":"(anonymous_5)","decl":{"start":{"line":63,"column":37},"end":{"line":63,"column":42}},"loc":{"start":{"line":63,"column":77},"end":{"line":70,"column":1}}}},"branchMap":{"0":{"loc":{"start":{"line":7,"column":17},"end":{"line":7,"column":47}},"type":"binary-expr","locations":[{"start":{"line":7,"column":17},"end":{"line":7,"column":38}},{"start":{"line":7,"column":42},"end":{"line":7,"column":47}}]}},"s":{"0":1,"1":1,"2":0,"3":0,"4":0,"5":0,"6":1,"7":0,"8":1,"9":0,"10":1,"11":0,"12":0,"13":1,"14":0,"15":1,"16":0,"17":0},"f":{"0":0,"1":0,"2":0,"3":0,"4":0,"5":0},"b":{"0":[1,0]}}
,"C:\\Users\\nayak\\OneDrive\\Desktop\\Projects\\web\\MyMate\\backend\\config\\logger.ts": {"path":"C:\\Users\\nayak\\OneDrive\\Desktop\\Projects\\web\\MyMate\\backend\\config\\logger.ts","statementMap":{"0":{"start":{"line":4,"column":57},"end":{"line":4,"column":71}},"1":{"start":{"line":6,"column":18},"end":{"line":9,"column":2}},"2":{"start":{"line":7,"column":18},"end":{"line":7,"column":76}},"3":{"start":{"line":8,"column":2},"end":{"line":8,"column":80}},"4":{"start":{"line":11,"column":15},"end":{"line":23,"column":2}}},"fnMap":{"0":{"name":"(anonymous_0)","decl":{"start":{"line":6,"column":25},"end":{"line":6,"column":26}},"loc":{"start":{"line":6,"column":75},"end":{"line":9,"column":1}}}},"branchMap":{"0":{"loc":{"start":{"line":7,"column":18},"end":{"line":7,"column":76}},"type":"cond-expr","locations":[{"start":{"line":7,"column":45},"end":{"line":7,"column":71}},{"start":{"line":7,"column":74},"end":{"line":7,"column":76}}]},"1":{"loc":{"start":{"line":8,"column":51},"end":{"line":8,"column":67}},"type":"binary-expr","locations":[{"start":{"line":8,"column":51},"end":{"line":8,"column":56}},{"start":{"line":8,"column":60},"end":{"line":8,"column":67}}]},"2":{"loc":{"start":{"line":12,"column":9},"end":{"line":12,"column":65}},"type":"cond-expr","locations":[{"start":{"line":12,"column":49},"end":{"line":12,"column":55}},{"start":{"line":12,"column":58},"end":{"line":12,"column":65}}]},"3":{"loc":{"start":{"line":16,"column":4},"end":{"line":16,"column":98}},"type":"cond-expr","locations":[{"start":{"line":16,"column":44},"end":{"line":16,"column":65}},{"start":{"line":16,"column":68},"end":{"line":16,"column":98}}]}},"s":{"0":1,"1":1,"2":0,"3":0,"4":1},"f":{"0":0},"b":{"0":[0,0],"1":[0,0],"2":[0,1],"3":[0,1]}}
,"C:\\Users\\nayak\\OneDrive\\Desktop\\Projects\\web\\MyMate\\backend\\controllers\\adminController.ts": {"path":"C:\\Users\\nayak\\OneDrive\\Desktop\\Projects\\web\\MyMate\\backend\\controllers\\adminController.ts","statementMap":{"0":{"start":{"line":11,"column":33},"end":{"line":38,"column":1}},"1":{"start":{"line":15,"column":6},"end":{"line":27,"column":4}},"2":{"start":{"line":28,"column":2},"end":{"line":37,"column":5}},"3":{"start":{"line":40,"column":29},"end":{"line":52,"column":1}},"4":{"start":{"line":41,"column":37},"end":{"line":41,"column":46}},"5":{"start":{"line":42,"column":22},"end":{"line":42,"column":24}},"6":{"start":{"line":43,"column":2},"end":{"line":43,"column":46}},"7":{"start":{"line":43,"column":17},"end":{"line":43,"column":46}},"8":{"start":{"line":44,"column":18},"end":{"line":44,"column":48}},"9":{"start":{"line":45,"column":19},"end":{"line":45,"column":45}},"10":{"start":{"line":46,"column":15},"end":{"line":46,"column":39}},"11":{"start":{"line":47,"column":27},"end":{"line":50,"column":4}},"12":{"start":{"line":51,"column":2},"end":{"line":51,"column":79}},"13":{"start":{"line":54,"column":33},"end":{"line":59,"column":1}},"14":{"start":{"line":55,"column":18},"end":{"line":57,"column":4}},"15":{"start":{"line":58,"column":2},"end":{"line":58,"column":24}},"16":{"start":{"line":61,"column":31},"end":{"line":65,"column":1}},"17":{"start":{"line":62,"column":17},"end":{"line":62,"column":53}},"18":{"start":{"line":63,"column":2},"end":{"line":63,"column":76}},"19":{"start":{"line":63,"column":15},"end":{"line":63,"column":76}},"20":{"start":{"line":64,"column":2},"end":{"line":64,"column":23}},"21":{"start":{"line":67,"column":28},"end":{"line":95,"column":1}},"22":{"start":{"line":68,"column":21},"end":{"line":68,"column":29}},"23":{"start":{"line":69,"column":2},"end":{"line":71,"column":3}},"24":{"start":{"line":70,"column":4},"end":{"line":70,"column":84}},"25":{"start":{"line":72,"column":17},"end":{"line":72,"column":53}},"26":{"start":{"line":73,"column":2},"end":{"line":73,"column":76}},"27":{"start":{"line":73,"column":15},"end":{"line":73,"column":76}},"28":{"start":{"line":74,"column":2},"end":{"line":74,"column":28}},"29":{"start":{"line":75,"column":2},"end":{"line":78,"column":3}},"30":{"start":{"line":76,"column":4},"end":{"line":76,"column":27}},"31":{"start":{"line":77,"column":4},"end":{"line":77,"column":38}},"32":{"start":{"line":79,"column":2},"end":{"line":79,"column":22}},"33":{"start":{"line":81,"column":2},"end":{"line":81,"column":53}},"34":{"start":{"line":82,"column":2},"end":{"line":92,"column":21}},"35":{"start":{"line":94,"column":2},"end":{"line":94,"column":23}},"36":{"start":{"line":97,"column":34},"end":{"line":103,"column":1}},"37":{"start":{"line":98,"column":17},"end":{"line":98,"column":53}},"38":{"start":{"line":99,"column":2},"end":{"line":99,"column":76}},"39":{"start":{"line":99,"column":15},"end":{"line":99,"column":76}},"40":{"start":{"line":100,"column":2},"end":{"line":100,"column":37}},"41":{"start":{"line":101,"column":2},"end":{"line":101,"column":22}},"42":{"start":{"line":102,"column":2},"end":{"line":102,"column":23}},"43":{"start":{"line":105,"column":27},"end":{"line":115,"column":1}},"44":{"start":{"line":106,"column":26},"end":{"line":106,"column":35}},"45":{"start":{"line":107,"column":18},"end":{"line":107,"column":48}},"46":{"start":{"line":108,"column":19},"end":{"line":108,"column":45}},"47":{"start":{"line":109,"column":15},"end":{"line":109,"column":39}},"48":{"start":{"line":110,"column":25},"end":{"line":113,"column":4}},"49":{"start":{"line":114,"column":2},"end":{"line":114,"column":77}},"50":{"start":{"line":117,"column":32},"end":{"line":123,"column":1}},"51":{"start":{"line":118,"column":15},"end":{"line":118,"column":49}},"52":{"start":{"line":119,"column":2},"end":{"line":119,"column":72}},"53":{"start":{"line":119,"column":13},"end":{"line":119,"column":72}},"54":{"start":{"line":120,"column":2},"end":{"line":120,"column":33}},"55":{"start":{"line":121,"column":2},"end":{"line":121,"column":20}},"56":{"start":{"line":122,"column":2},"end":{"line":122,"column":21}},"57":{"start":{"line":125,"column":30},"end":{"line":142,"column":1}},"58":{"start":{"line":126,"column":34},"end":{"line":126,"column":43}},"59":{"start":{"line":127,"column":22},"end":{"line":127,"column":24}},"60":{"start":{"line":128,"column":2},"end":{"line":128,"column":37}},"61":{"start":{"line":128,"column":14},"end":{"line":128,"column":37}},"62":{"start":{"line":129,"column":18},"end":{"line":129,"column":48}},"63":{"start":{"line":130,"column":19},"end":{"line":130,"column":45}},"64":{"start":{"line":131,"column":15},"end":{"line":131,"column":39}},"65":{"start":{"line":132,"column":28},"end":{"line":140,"column":4}},"66":{"start":{"line":141,"column":2},"end":{"line":141,"column":80}}},"fnMap":{"0":{"name":"(anonymous_0)","decl":{"start":{"line":11,"column":33},"end":{"line":11,"column":38}},"loc":{"start":{"line":11,"column":52},"end":{"line":38,"column":1}}},"1":{"name":"(anonymous_1)","decl":{"start":{"line":40,"column":29},"end":{"line":40,"column":34}},"loc":{"start":{"line":40,"column":48},"end":{"line":52,"column":1}}},"2":{"name":"(anonymous_2)","decl":{"start":{"line":54,"column":33},"end":{"line":54,"column":38}},"loc":{"start":{"line":54,"column":52},"end":{"line":59,"column":1}}},"3":{"name":"(anonymous_3)","decl":{"start":{"line":61,"column":31},"end":{"line":61,"column":36}},"loc":{"start":{"line":61,"column":50},"end":{"line":65,"column":1}}},"4":{"name":"(anonymous_4)","decl":{"start":{"line":67,"column":28},"end":{"line":67,"column":33}},"loc":{"start":{"line":67,"column":47},"end":{"line":95,"column":1}}},"5":{"name":"(anonymous_5)","decl":{"start":{"line":81,"column":43},"end":{"line":81,"column":46}},"loc":{"start":{"line":81,"column":48},"end":{"line":81,"column":51}}},"6":{"name":"(anonymous_6)","decl":{"start":{"line":92,"column":11},"end":{"line":92,"column":14}},"loc":{"start":{"line":92,"column":16},"end":{"line":92,"column":19}}},"7":{"name":"(anonymous_7)","decl":{"start":{"line":97,"column":34},"end":{"line":97,"column":39}},"loc":{"start":{"line":97,"column":53},"end":{"line":103,"column":1}}},"8":{"name":"(anonymous_8)","decl":{"start":{"line":105,"column":27},"end":{"line":105,"column":32}},"loc":{"start":{"line":105,"column":46},"end":{"line":115,"column":1}}},"9":{"name":"(anonymous_9)","decl":{"start":{"line":117,"column":32},"end":{"line":117,"column":37}},"loc":{"start":{"line":117,"column":51},"end":{"line":123,"column":1}}},"10":{"name":"(anonymous_10)","decl":{"start":{"line":125,"column":30},"end":{"line":125,"column":35}},"loc":{"start":{"line":125,"column":49},"end":{"line":142,"column":1}}}},"branchMap":{"0":{"loc":{"start":{"line":36,"column":13},"end":{"line":36,"column":40}},"type":"binary-expr","locations":[{"start":{"line":36,"column":13},"end":{"line":36,"column":35}},{"start":{"line":36,"column":39},"end":{"line":36,"column":40}}]},"1":{"loc":{"start":{"line":43,"column":2},"end":{"line":43,"column":46}},"type":"if","locations":[{"start":{"line":43,"column":2},"end":{"line":43,"column":46}},{"start":{},"end":{}}]},"2":{"loc":{"start":{"line":44,"column":27},"end":{"line":44,"column":44}},"type":"binary-expr","locations":[{"start":{"line":44,"column":27},"end":{"line":44,"column":39}},{"start":{"line":44,"column":43},"end":{"line":44,"column":44}}]},"3":{"loc":{"start":{"line":63,"column":2},"end":{"line":63,"column":76}},"type":"if","locations":[{"start":{"line":63,"column":2},"end":{"line":63,"column":76}},{"start":{},"end":{}}]},"4":{"loc":{"start":{"line":69,"column":2},"end":{"line":71,"column":3}},"type":"if","locations":[{"start":{"line":69,"column":2},"end":{"line":71,"column":3}},{"start":{},"end":{}}]},"5":{"loc":{"start":{"line":73,"column":2},"end":{"line":73,"column":76}},"type":"if","locations":[{"start":{"line":73,"column":2},"end":{"line":73,"column":76}},{"start":{},"end":{}}]},"6":{"loc":{"start":{"line":75,"column":2},"end":{"line":78,"column":3}},"type":"if","locations":[{"start":{"line":75,"column":2},"end":{"line":78,"column":3}},{"start":{},"end":{}}]},"7":{"loc":{"start":{"line":87,"column":6},"end":{"line":89,"column":77}},"type":"cond-expr","locations":[{"start":{"line":88,"column":10},"end":{"line":88,"column":73}},{"start":{"line":89,"column":10},"end":{"line":89,"column":77}}]},"8":{"loc":{"start":{"line":99,"column":2},"end":{"line":99,"column":76}},"type":"if","locations":[{"start":{"line":99,"column":2},"end":{"line":99,"column":76}},{"start":{},"end":{}}]},"9":{"loc":{"start":{"line":107,"column":27},"end":{"line":107,"column":44}},"type":"binary-expr","locations":[{"start":{"line":107,"column":27},"end":{"line":107,"column":39}},{"start":{"line":107,"column":43},"end":{"line":107,"column":44}}]},"10":{"loc":{"start":{"line":119,"column":2},"end":{"line":119,"column":72}},"type":"if","locations":[{"start":{"line":119,"column":2},"end":{"line":119,"column":72}},{"start":{},"end":{}}]},"11":{"loc":{"start":{"line":128,"column":2},"end":{"line":128,"column":37}},"type":"if","locations":[{"start":{"line":128,"column":2},"end":{"line":128,"column":37}},{"start":{},"end":{}}]},"12":{"loc":{"start":{"line":129,"column":27},"end":{"line":129,"column":44}},"type":"binary-expr","locations":[{"start":{"line":129,"column":27},"end":{"line":129,"column":39}},{"start":{"line":129,"column":43},"end":{"line":129,"column":44}}]}},"s":{"0":1,"1":0,"2":0,"3":1,"4":0,"5":0,"6":0,"7":0,"8":0,"9":0,"10":0,"11":0,"12":0,"13":1,"14":0,"15":0,"16":1,"17":0,"18":0,"19":0,"20":0,"21":1,"22":0,"23":0,"24":0,"25":0,"26":0,"27":0,"28":0,"29":0,"30":0,"31":0,"32":0,"33":0,"34":0,"35":0,"36":1,"37":0,"38":0,"39":0,"40":0,"41":0,"42":0,"43":1,"44":0,"45":0,"46":0,"47":0,"48":0,"49":0,"50":1,"51":0,"52":0,"53":0,"54":0,"55":0,"56":0,"57":1,"58":0,"59":0,"60":0,"61":0,"62":0,"63":0,"64":0,"65":0,"66":0},"f":{"0":0,"1":0,"2":0,"3":0,"4":0,"5":0,"6":0,"7":0,"8":0,"9":0,"10":0},"b":{"0":[0,0],"1":[0,0],"2":[0,0],"3":[0,0],"4":[0,0],"5":[0,0],"6":[0,0],"7":[0,0],"8":[0,0],"9":[0,0],"10":[0,0],"11":[0,0],"12":[0,0]}}
,"C:\\Users\\nayak\\OneDrive\\Desktop\\Projects\\web\\MyMate\\backend\\controllers\\authController.ts": {"path":"C:\\Users\\nayak\\OneDrive\\Desktop\\Projects\\web\\MyMate\\backend\\controllers\\authController.ts","statementMap":{"0":{"start":{"line":10,"column":22},"end":{"line":10,"column":41}},"1":{"start":{"line":13,"column":16},"end":{"line":13,"column":54}},"2":{"start":{"line":14,"column":17},"end":{"line":14,"column":72}},"3":{"start":{"line":15,"column":2},"end":{"line":15,"column":27}},"4":{"start":{"line":19,"column":2},"end":{"line":19,"column":65}},"5":{"start":{"line":23,"column":28},"end":{"line":23,"column":51}},"6":{"start":{"line":24,"column":2},"end":{"line":24,"column":42}},"7":{"start":{"line":25,"column":2},"end":{"line":25,"column":63}},"8":{"start":{"line":26,"column":2},"end":{"line":26,"column":23}},"9":{"start":{"line":27,"column":2},"end":{"line":27,"column":68}},"10":{"start":{"line":30,"column":28},"end":{"line":36,"column":1}},"11":{"start":{"line":31,"column":45},"end":{"line":31,"column":53}},"12":{"start":{"line":32,"column":15},"end":{"line":32,"column":59}},"13":{"start":{"line":33,"column":2},"end":{"line":33,"column":20}},"14":{"start":{"line":34,"column":2},"end":{"line":34,"column":41}},"15":{"start":{"line":35,"column":2},"end":{"line":35,"column":82}},"16":{"start":{"line":38,"column":25},"end":{"line":49,"column":1}},"17":{"start":{"line":39,"column":30},"end":{"line":39,"column":38}},"18":{"start":{"line":40,"column":15},"end":{"line":40,"column":73}},"19":{"start":{"line":41,"column":2},"end":{"line":43,"column":3}},"20":{"start":{"line":42,"column":4},"end":{"line":42,"column":74}},"21":{"start":{"line":44,"column":2},"end":{"line":46,"column":3}},"22":{"start":{"line":45,"column":4},"end":{"line":45,"column":100}},"23":{"start":{"line":47,"column":16},"end":{"line":47,"column":43}},"24":{"start":{"line":48,"column":2},"end":{"line":48,"column":90}},"25":{"start":{"line":51,"column":35},"end":{"line":59,"column":1}},"26":{"start":{"line":52,"column":29},"end":{"line":52,"column":37}},"27":{"start":{"line":53,"column":15},"end":{"line":53,"column":48}},"28":{"start":{"line":54,"column":2},"end":{"line":54,"column":19}},"29":{"start":{"line":55,"column":2},"end":{"line":55,"column":27}},"30":{"start":{"line":56,"column":2},"end":{"line":56,"column":31}},"31":{"start":{"line":57,"column":2},"end":{"line":57,"column":20}},"32":{"start":{"line":58,"column":2},"end":{"line":58,"column":21}},"33":{"start":{"line":61,"column":30},"end":{"line":67,"column":1}},"34":{"start":{"line":62,"column":45},"end":{"line":62,"column":53}},"35":{"start":{"line":63,"column":17},"end":{"line":63,"column":63}},"36":{"start":{"line":64,"column":2},"end":{"line":64,"column":22}},"37":{"start":{"line":65,"column":2},"end":{"line":65,"column":45}},"38":{"start":{"line":66,"column":2},"end":{"line":66,"column":89}},"39":{"start":{"line":69,"column":27},"end":{"line":77,"column":1}},"40":{"start":{"line":70,"column":30},"end":{"line":70,"column":38}},"41":{"start":{"line":71,"column":17},"end":{"line":71,"column":77}},"42":{"start":{"line":72,"column":2},"end":{"line":74,"column":3}},"43":{"start":{"line":73,"column":4},"end":{"line":73,"column":74}},"44":{"start":{"line":75,"column":16},"end":{"line":75,"column":47}},"45":{"start":{"line":76,"column":2},"end":{"line":76,"column":96}},"46":{"start":{"line":79,"column":37},"end":{"line":113,"column":1}},"47":{"start":{"line":80,"column":17},"end":{"line":80,"column":52}},"48":{"start":{"line":84,"column":6},"end":{"line":84,"column":14}},"49":{"start":{"line":86,"column":2},"end":{"line":86,"column":45}},"50":{"start":{"line":86,"column":26},"end":{"line":86,"column":45}},"51":{"start":{"line":87,"column":2},"end":{"line":87,"column":66}},"52":{"start":{"line":87,"column":33},"end":{"line":87,"column":66}},"53":{"start":{"line":88,"column":2},"end":{"line":88,"column":57}},"54":{"start":{"line":88,"column":30},"end":{"line":88,"column":57}},"55":{"start":{"line":89,"column":2},"end":{"line":89,"column":72}},"56":{"start":{"line":89,"column":35},"end":{"line":89,"column":72}},"57":{"start":{"line":90,"column":2},"end":{"line":90,"column":86}},"58":{"start":{"line":90,"column":37},"end":{"line":90,"column":86}},"59":{"start":{"line":91,"column":2},"end":{"line":91,"column":71}},"60":{"start":{"line":91,"column":32},"end":{"line":91,"column":71}},"61":{"start":{"line":92,"column":2},"end":{"line":92,"column":68}},"62":{"start":{"line":92,"column":31},"end":{"line":92,"column":68}},"63":{"start":{"line":93,"column":2},"end":{"line":93,"column":42}},"64":{"start":{"line":93,"column":25},"end":{"line":93,"column":42}},"65":{"start":{"line":94,"column":2},"end":{"line":96,"column":3}},"66":{"start":{"line":95,"column":4},"end":{"line":95,"column":102}},"67":{"start":{"line":97,"column":2},"end":{"line":102,"column":3}},"68":{"start":{"line":98,"column":4},"end":{"line":101,"column":23}},"69":{"start":{"line":100,"column":18},"end":{"line":100,"column":26}},"70":{"start":{"line":104,"column":2},"end":{"line":107,"column":3}},"71":{"start":{"line":105,"column":30},"end":{"line":105,"column":79}},"72":{"start":{"line":106,"column":4},"end":{"line":106,"column":44}},"73":{"start":{"line":109,"column":2},"end":{"line":109,"column":33}},"74":{"start":{"line":110,"column":2},"end":{"line":110,"column":31}},"75":{"start":{"line":111,"column":2},"end":{"line":111,"column":22}},"76":{"start":{"line":112,"column":2},"end":{"line":112,"column":70}},"77":{"start":{"line":115,"column":26},"end":{"line":122,"column":1}},"78":{"start":{"line":116,"column":19},"end":{"line":116,"column":27}},"79":{"start":{"line":117,"column":2},"end":{"line":119,"column":3}},"80":{"start":{"line":118,"column":4},"end":{"line":118,"column":67}},"81":{"start":{"line":120,"column":16},"end":{"line":120,"column":44}},"82":{"start":{"line":121,"column":2},"end":{"line":121,"column":37}},"83":{"start":{"line":124,"column":21},"end":{"line":126,"column":1}},"84":{"start":{"line":125,"column":2},"end":{"line":125,"column":51}},"85":{"start":{"line":128,"column":30},"end":{"line":138,"column":1}},"86":{"start":{"line":129,"column":26},"end":{"line":129,"column":34}},"87":{"start":{"line":130,"column":16},"end":{"line":130,"column":49}},"88":{"start":{"line":131,"column":18},"end":{"line":131,"column":77}},"89":{"start":{"line":132,"column":2},"end":{"line":136,"column":3}},"90":{"start":{"line":133,"column":23},"end":{"line":133,"column":54}},"91":{"start":{"line":134,"column":4},"end":{"line":134,"column":25}},"92":{"start":{"line":135,"column":4},"end":{"line":135,"column":70}},"93":{"start":{"line":137,"column":2},"end":{"line":137,"column":76}},"94":{"start":{"line":140,"column":29},"end":{"line":157,"column":1}},"95":{"start":{"line":141,"column":36},"end":{"line":141,"column":44}},"96":{"start":{"line":142,"column":16},"end":{"line":142,"column":49}},"97":{"start":{"line":143,"column":18},"end":{"line":146,"column":4}},"98":{"start":{"line":147,"column":2},"end":{"line":149,"column":3}},"99":{"start":{"line":148,"column":4},"end":{"line":148,"column":79}},"100":{"start":{"line":150,"column":2},"end":{"line":150,"column":30}},"101":{"start":{"line":151,"column":2},"end":{"line":151,"column":41}},"102":{"start":{"line":152,"column":2},"end":{"line":152,"column":42}},"103":{"start":{"line":153,"column":2},"end":{"line":153,"column":57}},"104":{"start":{"line":154,"column":2},"end":{"line":154,"column":23}},"105":{"start":{"line":155,"column":19},"end":{"line":155,"column":47}},"106":{"start":{"line":156,"column":2},"end":{"line":156,"column":38}},"107":{"start":{"line":159,"column":27},"end":{"line":174,"column":1}},"108":{"start":{"line":160,"column":26},"end":{"line":160,"column":34}},"109":{"start":{"line":161,"column":16},"end":{"line":161,"column":49}},"110":{"start":{"line":162,"column":18},"end":{"line":165,"column":4}},"111":{"start":{"line":166,"column":2},"end":{"line":168,"column":3}},"112":{"start":{"line":167,"column":4},"end":{"line":167,"column":86}},"113":{"start":{"line":169,"column":2},"end":{"line":169,"column":33}},"114":{"start":{"line":170,"column":2},"end":{"line":170,"column":45}},"115":{"start":{"line":171,"column":2},"end":{"line":171,"column":46}},"116":{"start":{"line":172,"column":2},"end":{"line":172,"column":23}},"117":{"start":{"line":173,"column":2},"end":{"line":173,"column":55}},"118":{"start":{"line":176,"column":34},"end":{"line":184,"column":1}},"119":{"start":{"line":177,"column":26},"end":{"line":177,"column":34}},"120":{"start":{"line":178,"column":16},"end":{"line":178,"column":49}},"121":{"start":{"line":179,"column":18},"end":{"line":179,"column":77}},"122":{"start":{"line":180,"column":2},"end":{"line":182,"column":3}},"123":{"start":{"line":181,"column":4},"end":{"line":181,"column":44}},"124":{"start":{"line":183,"column":2},"end":{"line":183,"column":91}}},"fnMap":{"0":{"name":"makeVerificationToken","decl":{"start":{"line":12,"column":9},"end":{"line":12,"column":30}},"loc":{"start":{"line":12,"column":30},"end":{"line":16,"column":1}}},"1":{"name":"hashToken","decl":{"start":{"line":18,"column":9},"end":{"line":18,"column":18}},"loc":{"start":{"line":18,"column":24},"end":{"line":20,"column":1}}},"2":{"name":"attachVerification","decl":{"start":{"line":22,"column":15},"end":{"line":22,"column":33}},"loc":{"start":{"line":22,"column":47},"end":{"line":28,"column":1}}},"3":{"name":"(anonymous_3)","decl":{"start":{"line":27,"column":58},"end":{"line":27,"column":61}},"loc":{"start":{"line":27,"column":63},"end":{"line":27,"column":66}}},"4":{"name":"(anonymous_4)","decl":{"start":{"line":30,"column":28},"end":{"line":30,"column":33}},"loc":{"start":{"line":30,"column":47},"end":{"line":36,"column":1}}},"5":{"name":"(anonymous_5)","decl":{"start":{"line":38,"column":25},"end":{"line":38,"column":30}},"loc":{"start":{"line":38,"column":44},"end":{"line":49,"column":1}}},"6":{"name":"(anonymous_6)","decl":{"start":{"line":51,"column":35},"end":{"line":51,"column":40}},"loc":{"start":{"line":51,"column":54},"end":{"line":59,"column":1}}},"7":{"name":"(anonymous_7)","decl":{"start":{"line":61,"column":30},"end":{"line":61,"column":35}},"loc":{"start":{"line":61,"column":49},"end":{"line":67,"column":1}}},"8":{"name":"(anonymous_8)","decl":{"start":{"line":69,"column":27},"end":{"line":69,"column":32}},"loc":{"start":{"line":69,"column":46},"end":{"line":77,"column":1}}},"9":{"name":"(anonymous_9)","decl":{"start":{"line":79,"column":37},"end":{"line":79,"column":42}},"loc":{"start":{"line":79,"column":56},"end":{"line":113,"column":1}}},"10":{"name":"(anonymous_10)","decl":{"start":{"line":100,"column":11},"end":{"line":100,"column":12}},"loc":{"start":{"line":100,"column":18},"end":{"line":100,"column":26}}},"11":{"name":"(anonymous_11)","decl":{"start":{"line":115,"column":26},"end":{"line":115,"column":31}},"loc":{"start":{"line":115,"column":45},"end":{"line":122,"column":1}}},"12":{"name":"(anonymous_12)","decl":{"start":{"line":124,"column":21},"end":{"line":124,"column":26}},"loc":{"start":{"line":124,"column":40},"end":{"line":126,"column":1}}},"13":{"name":"(anonymous_13)","decl":{"start":{"line":128,"column":30},"end":{"line":128,"column":35}},"loc":{"start":{"line":128,"column":49},"end":{"line":138,"column":1}}},"14":{"name":"(anonymous_14)","decl":{"start":{"line":135,"column":60},"end":{"line":135,"column":63}},"loc":{"start":{"line":135,"column":65},"end":{"line":135,"column":68}}},"15":{"name":"(anonymous_15)","decl":{"start":{"line":140,"column":29},"end":{"line":140,"column":34}},"loc":{"start":{"line":140,"column":48},"end":{"line":157,"column":1}}},"16":{"name":"(anonymous_16)","decl":{"start":{"line":159,"column":27},"end":{"line":159,"column":32}},"loc":{"start":{"line":159,"column":46},"end":{"line":174,"column":1}}},"17":{"name":"(anonymous_17)","decl":{"start":{"line":176,"column":34},"end":{"line":176,"column":39}},"loc":{"start":{"line":176,"column":53},"end":{"line":184,"column":1}}}},"branchMap":{"0":{"loc":{"start":{"line":41,"column":2},"end":{"line":43,"column":3}},"type":"if","locations":[{"start":{"line":41,"column":2},"end":{"line":43,"column":3}},{"start":{},"end":{}}]},"1":{"loc":{"start":{"line":41,"column":6},"end":{"line":41,"column":54}},"type":"binary-expr","locations":[{"start":{"line":41,"column":6},"end":{"line":41,"column":11}},{"start":{"line":41,"column":15},"end":{"line":41,"column":54}}]},"2":{"loc":{"start":{"line":44,"column":2},"end":{"line":46,"column":3}},"type":"if","locations":[{"start":{"line":44,"column":2},"end":{"line":46,"column":3}},{"start":{},"end":{}}]},"3":{"loc":{"start":{"line":72,"column":2},"end":{"line":74,"column":3}},"type":"if","locations":[{"start":{"line":72,"column":2},"end":{"line":74,"column":3}},{"start":{},"end":{}}]},"4":{"loc":{"start":{"line":72,"column":6},"end":{"line":72,"column":58}},"type":"binary-expr","locations":[{"start":{"line":72,"column":6},"end":{"line":72,"column":13}},{"start":{"line":72,"column":17},"end":{"line":72,"column":58}}]},"5":{"loc":{"start":{"line":86,"column":2},"end":{"line":86,"column":45}},"type":"if","locations":[{"start":{"line":86,"column":2},"end":{"line":86,"column":45}},{"start":{},"end":{}}]},"6":{"loc":{"start":{"line":87,"column":2},"end":{"line":87,"column":66}},"type":"if","locations":[{"start":{"line":87,"column":2},"end":{"line":87,"column":66}},{"start":{},"end":{}}]},"7":{"loc":{"start":{"line":88,"column":2},"end":{"line":88,"column":57}},"type":"if","locations":[{"start":{"line":88,"column":2},"end":{"line":88,"column":57}},{"start":{},"end":{}}]},"8":{"loc":{"start":{"line":89,"column":2},"end":{"line":89,"column":72}},"type":"if","locations":[{"start":{"line":89,"column":2},"end":{"line":89,"column":72}},{"start":{},"end":{}}]},"9":{"loc":{"start":{"line":90,"column":2},"end":{"line":90,"column":86}},"type":"if","locations":[{"start":{"line":90,"column":2},"end":{"line":90,"column":86}},{"start":{},"end":{}}]},"10":{"loc":{"start":{"line":91,"column":2},"end":{"line":91,"column":71}},"type":"if","locations":[{"start":{"line":91,"column":2},"end":{"line":91,"column":71}},{"start":{},"end":{}}]},"11":{"loc":{"start":{"line":92,"column":2},"end":{"line":92,"column":68}},"type":"if","locations":[{"start":{"line":92,"column":2},"end":{"line":92,"column":68}},{"start":{},"end":{}}]},"12":{"loc":{"start":{"line":93,"column":2},"end":{"line":93,"column":42}},"type":"if","locations":[{"start":{"line":93,"column":2},"end":{"line":93,"column":42}},{"start":{},"end":{}}]},"13":{"loc":{"start":{"line":94,"column":2},"end":{"line":96,"column":3}},"type":"if","locations":[{"start":{"line":94,"column":2},"end":{"line":96,"column":3}},{"start":{},"end":{}}]},"14":{"loc":{"start":{"line":95,"column":26},"end":{"line":95,"column":101}},"type":"cond-expr","locations":[{"start":{"line":95,"column":56},"end":{"line":95,"column":84}},{"start":{"line":95,"column":87},"end":{"line":95,"column":101}}]},"15":{"loc":{"start":{"line":97,"column":2},"end":{"line":102,"column":3}},"type":"if","locations":[{"start":{"line":97,"column":2},"end":{"line":102,"column":3}},{"start":{},"end":{}}]},"16":{"loc":{"start":{"line":104,"column":2},"end":{"line":107,"column":3}},"type":"if","locations":[{"start":{"line":104,"column":2},"end":{"line":107,"column":3}},{"start":{},"end":{}}]},"17":{"loc":{"start":{"line":117,"column":2},"end":{"line":119,"column":3}},"type":"if","locations":[{"start":{"line":117,"column":2},"end":{"line":119,"column":3}},{"start":{},"end":{}}]},"18":{"loc":{"start":{"line":117,"column":6},"end":{"line":117,"column":64}},"type":"binary-expr","locations":[{"start":{"line":117,"column":6},"end":{"line":117,"column":29}},{"start":{"line":117,"column":33},"end":{"line":117,"column":64}}]},"19":{"loc":{"start":{"line":130,"column":16},"end":{"line":130,"column":49}},"type":"cond-expr","locations":[{"start":{"line":130,"column":36},"end":{"line":130,"column":42}},{"start":{"line":130,"column":45},"end":{"line":130,"column":49}}]},"20":{"loc":{"start":{"line":132,"column":2},"end":{"line":136,"column":3}},"type":"if","locations":[{"start":{"line":132,"column":2},"end":{"line":136,"column":3}},{"start":{},"end":{}}]},"21":{"loc":{"start":{"line":142,"column":16},"end":{"line":142,"column":49}},"type":"cond-expr","locations":[{"start":{"line":142,"column":36},"end":{"line":142,"column":42}},{"start":{"line":142,"column":45},"end":{"line":142,"column":49}}]},"22":{"loc":{"start":{"line":147,"column":2},"end":{"line":149,"column":3}},"type":"if","locations":[{"start":{"line":147,"column":2},"end":{"line":149,"column":3}},{"start":{},"end":{}}]},"23":{"loc":{"start":{"line":153,"column":26},"end":{"line":153,"column":51}},"type":"binary-expr","locations":[{"start":{"line":153,"column":26},"end":{"line":153,"column":46}},{"start":{"line":153,"column":50},"end":{"line":153,"column":51}}]},"24":{"loc":{"start":{"line":161,"column":16},"end":{"line":161,"column":49}},"type":"cond-expr","locations":[{"start":{"line":161,"column":36},"end":{"line":161,"column":42}},{"start":{"line":161,"column":45},"end":{"line":161,"column":49}}]},"25":{"loc":{"start":{"line":166,"column":2},"end":{"line":168,"column":3}},"type":"if","locations":[{"start":{"line":166,"column":2},"end":{"line":168,"column":3}},{"start":{},"end":{}}]},"26":{"loc":{"start":{"line":178,"column":16},"end":{"line":178,"column":49}},"type":"cond-expr","locations":[{"start":{"line":178,"column":36},"end":{"line":178,"column":42}},{"start":{"line":178,"column":45},"end":{"line":178,"column":49}}]},"27":{"loc":{"start":{"line":180,"column":2},"end":{"line":182,"column":3}},"type":"if","locations":[{"start":{"line":180,"column":2},"end":{"line":182,"column":3}},{"start":{},"end":{}}]},"28":{"loc":{"start":{"line":180,"column":6},"end":{"line":180,"column":41}},"type":"binary-expr","locations":[{"start":{"line":180,"column":6},"end":{"line":180,"column":13}},{"start":{"line":180,"column":17},"end":{"line":180,"column":41}}]}},"s":{"0":1,"1":0,"2":0,"3":0,"4":0,"5":0,"6":0,"7":0,"8":0,"9":0,"10":1,"11":0,"12":0,"13":0,"14":0,"15":0,"16":1,"17":0,"18":0,"19":0,"20":0,"21":0,"22":0,"23":0,"24":0,"25":1,"26":0,"27":0,"28":0,"29":0,"30":0,"31":0,"32":0,"33":1,"34":0,"35":0,"36":0,"37":0,"38":0,"39":1,"40":0,"41":0,"42":0,"43":0,"44":0,"45":0,"46":1,"47":0,"48":0,"49":0,"50":0,"51":0,"52":0,"53":0,"54":0,"55":0,"56":0,"57":0,"58":0,"59":0,"60":0,"61":0,"62":0,"63":0,"64":0,"65":0,"66":0,"67":0,"68":0,"69":0,"70":0,"71":0,"72":0,"73":0,"74":0,"75":0,"76":0,"77":1,"78":0,"79":0,"80":0,"81":0,"82":0,"83":1,"84":0,"85":1,"86":0,"87":0,"88":0,"89":0,"90":0,"91":0,"92":0,"93":0,"94":1,"95":0,"96":0,"97":0,"98":0,"99":0,"100":0,"101":0,"102":0,"103":0,"104":0,"105":0,"106":0,"107":1,"108":0,"109":0,"110":0,"111":0,"112":0,"113":0,"114":0,"115":0,"116":0,"117":0,"118":1,"119":0,"120":0,"121":0,"122":0,"123":0,"124":0},"f":{"0":0,"1":0,"2":0,"3":0,"4":0,"5":0,"6":0,"7":0,"8":0,"9":0,"10":0,"11":0,"12":0,"13":0,"14":0,"15":0,"16":0,"17":0},"b":{"0":[0,0],"1":[0,0],"2":[0,0],"3":[0,0],"4":[0,0],"5":[0,0],"6":[0,0],"7":[0,0],"8":[0,0],"9":[0,0],"10":[0,0],"11":[0,0],"12":[0,0],"13":[0,0],"14":[0,0],"15":[0,0],"16":[0,0],"17":[0,0],"18":[0,0],"19":[0,0],"20":[0,0],"21":[0,0],"22":[0,0],"23":[0,0],"24":[0,0],"25":[0,0],"26":[0,0],"27":[0,0],"28":[0,0]}}
,"C:\\Users\\nayak\\OneDrive\\Desktop\\Projects\\web\\MyMate\\backend\\controllers\\bookingController.ts": {"path":"C:\\Users\\nayak\\OneDrive\\Desktop\\Projects\\web\\MyMate\\backend\\controllers\\bookingController.ts","statementMap":{"0":{"start":{"line":11,"column":13},"end":{"line":11,"column":27}},"1":{"start":{"line":12,"column":12},"end":{"line":12,"column":21}},"2":{"start":{"line":15,"column":2},"end":{"line":18,"column":3}},"3":{"start":{"line":16,"column":18},"end":{"line":16,"column":72}},"4":{"start":{"line":17,"column":4},"end":{"line":17,"column":44}},"5":{"start":{"line":19,"column":15},"end":{"line":19,"column":69}},"6":{"start":{"line":20,"column":2},"end":{"line":20,"column":40}},"7":{"start":{"line":24,"column":25},"end":{"line":27,"column":4}},"8":{"start":{"line":28,"column":2},"end":{"line":28,"column":31}},"9":{"start":{"line":28,"column":24},"end":{"line":28,"column":31}},"10":{"start":{"line":29,"column":2},"end":{"line":36,"column":3}},"11":{"start":{"line":30,"column":4},"end":{"line":35,"column":23}},"12":{"start":{"line":37,"column":2},"end":{"line":44,"column":3}},"13":{"start":{"line":38,"column":4},"end":{"line":43,"column":23}},"14":{"start":{"line":45,"column":2},"end":{"line":45,"column":73}},"15":{"start":{"line":48,"column":29},"end":{"line":107,"column":1}},"16":{"start":{"line":49,"column":92},"end":{"line":49,"column":100}},"17":{"start":{"line":50,"column":17},"end":{"line":50,"column":48}},"18":{"start":{"line":51,"column":2},"end":{"line":53,"column":3}},"19":{"start":{"line":52,"column":4},"end":{"line":52,"column":89}},"20":{"start":{"line":56,"column":19},"end":{"line":60,"column":4}},"21":{"start":{"line":61,"column":2},"end":{"line":66,"column":3}},"22":{"start":{"line":62,"column":4},"end":{"line":65,"column":7}},"23":{"start":{"line":68,"column":16},"end":{"line":68,"column":35}},"24":{"start":{"line":69,"column":14},"end":{"line":69,"column":48}},"25":{"start":{"line":70,"column":22},"end":{"line":70,"column":65}},"26":{"start":{"line":72,"column":18},"end":{"line":84,"column":4}},"27":{"start":{"line":86,"column":2},"end":{"line":91,"column":21}},"28":{"start":{"line":93,"column":2},"end":{"line":93,"column":69}},"29":{"start":{"line":95,"column":2},"end":{"line":95,"column":36}},"30":{"start":{"line":97,"column":2},"end":{"line":106,"column":3}},"31":{"start":{"line":98,"column":15},"end":{"line":98,"column":22}},"32":{"start":{"line":99,"column":4},"end":{"line":103,"column":7}},"33":{"start":{"line":105,"column":4},"end":{"line":105,"column":58}},"34":{"start":{"line":109,"column":31},"end":{"line":125,"column":1}},"35":{"start":{"line":110,"column":34},"end":{"line":110,"column":43}},"36":{"start":{"line":111,"column":17},"end":{"line":111,"column":39}},"37":{"start":{"line":112,"column":2},"end":{"line":112,"column":37}},"38":{"start":{"line":112,"column":14},"end":{"line":112,"column":37}},"39":{"start":{"line":113,"column":18},"end":{"line":113,"column":48}},"40":{"start":{"line":114,"column":19},"end":{"line":114,"column":44}},"41":{"start":{"line":115,"column":15},"end":{"line":115,"column":39}},"42":{"start":{"line":116,"column":28},"end":{"line":123,"column":4}},"43":{"start":{"line":124,"column":2},"end":{"line":124,"column":80}},"44":{"start":{"line":127,"column":33},"end":{"line":143,"column":1}},"45":{"start":{"line":128,"column":34},"end":{"line":128,"column":43}},"46":{"start":{"line":129,"column":17},"end":{"line":129,"column":41}},"47":{"start":{"line":130,"column":2},"end":{"line":130,"column":37}},"48":{"start":{"line":130,"column":14},"end":{"line":130,"column":37}},"49":{"start":{"line":131,"column":18},"end":{"line":131,"column":48}},"50":{"start":{"line":132,"column":19},"end":{"line":132,"column":44}},"51":{"start":{"line":133,"column":15},"end":{"line":133,"column":39}},"52":{"start":{"line":134,"column":28},"end":{"line":141,"column":4}},"53":{"start":{"line":142,"column":2},"end":{"line":142,"column":80}},"54":{"start":{"line":145,"column":30},"end":{"line":173,"column":1}},"55":{"start":{"line":146,"column":16},"end":{"line":165,"column":4}},"56":{"start":{"line":166,"column":12},"end":{"line":166,"column":99}},"57":{"start":{"line":167,"column":2},"end":{"line":172,"column":5}},"58":{"start":{"line":175,"column":30},"end":{"line":188,"column":1}},"59":{"start":{"line":176,"column":18},"end":{"line":178,"column":42}},"60":{"start":{"line":179,"column":2},"end":{"line":179,"column":78}},"61":{"start":{"line":179,"column":16},"end":{"line":179,"column":78}},"62":{"start":{"line":182,"column":4},"end":{"line":184,"column":87}},"63":{"start":{"line":185,"column":2},"end":{"line":185,"column":96}},"64":{"start":{"line":185,"column":16},"end":{"line":185,"column":96}},"65":{"start":{"line":187,"column":2},"end":{"line":187,"column":24}},"66":{"start":{"line":190,"column":20},"end":{"line":206,"column":2}},"67":{"start":{"line":208,"column":35},"end":{"line":251,"column":1}},"68":{"start":{"line":209,"column":21},"end":{"line":209,"column":29}},"69":{"start":{"line":210,"column":18},"end":{"line":210,"column":55}},"70":{"start":{"line":211,"column":2},"end":{"line":211,"column":78}},"71":{"start":{"line":211,"column":16},"end":{"line":211,"column":78}},"72":{"start":{"line":213,"column":15},"end":{"line":213,"column":27}},"73":{"start":{"line":215,"column":4},"end":{"line":217,"column":74}},"74":{"start":{"line":218,"column":2},"end":{"line":218,"column":75}},"75":{"start":{"line":218,"column":16},"end":{"line":218,"column":75}},"76":{"start":{"line":220,"column":18},"end":{"line":220,"column":59}},"77":{"start":{"line":221,"column":2},"end":{"line":225,"column":3}},"78":{"start":{"line":222,"column":4},"end":{"line":224,"column":7}},"79":{"start":{"line":227,"column":2},"end":{"line":227,"column":26}},"80":{"start":{"line":228,"column":2},"end":{"line":228,"column":92}},"81":{"start":{"line":228,"column":35},"end":{"line":228,"column":92}},"82":{"start":{"line":229,"column":2},"end":{"line":229,"column":23}},"83":{"start":{"line":231,"column":2},"end":{"line":231,"column":61}},"84":{"start":{"line":233,"column":20},"end":{"line":235,"column":42}},"85":{"start":{"line":236,"column":2},"end":{"line":236,"column":35}},"86":{"start":{"line":238,"column":2},"end":{"line":250,"column":3}},"87":{"start":{"line":239,"column":15},"end":{"line":239,"column":22}},"88":{"start":{"line":240,"column":4},"end":{"line":240,"column":70}},"89":{"start":{"line":242,"column":24},"end":{"line":242,"column":71}},"90":{"start":{"line":243,"column":4},"end":{"line":247,"column":7}},"91":{"start":{"line":249,"column":4},"end":{"line":249,"column":58}}},"fnMap":{"0":{"name":"computeAmount","decl":{"start":{"line":14,"column":9},"end":{"line":14,"column":22}},"loc":{"start":{"line":14,"column":51},"end":{"line":21,"column":1}}},"1":{"name":"notifyBookingUpdate","decl":{"start":{"line":23,"column":15},"end":{"line":23,"column":34}},"loc":{"start":{"line":23,"column":61},"end":{"line":46,"column":1}}},"2":{"name":"(anonymous_2)","decl":{"start":{"line":35,"column":13},"end":{"line":35,"column":16}},"loc":{"start":{"line":35,"column":18},"end":{"line":35,"column":21}}},"3":{"name":"(anonymous_3)","decl":{"start":{"line":43,"column":13},"end":{"line":43,"column":16}},"loc":{"start":{"line":43,"column":18},"end":{"line":43,"column":21}}},"4":{"name":"(anonymous_4)","decl":{"start":{"line":45,"column":63},"end":{"line":45,"column":66}},"loc":{"start":{"line":45,"column":68},"end":{"line":45,"column":71}}},"5":{"name":"(anonymous_5)","decl":{"start":{"line":48,"column":29},"end":{"line":48,"column":34}},"loc":{"start":{"line":48,"column":48},"end":{"line":107,"column":1}}},"6":{"name":"(anonymous_6)","decl":{"start":{"line":91,"column":11},"end":{"line":91,"column":14}},"loc":{"start":{"line":91,"column":16},"end":{"line":91,"column":19}}},"7":{"name":"(anonymous_7)","decl":{"start":{"line":93,"column":59},"end":{"line":93,"column":62}},"loc":{"start":{"line":93,"column":64},"end":{"line":93,"column":67}}},"8":{"name":"(anonymous_8)","decl":{"start":{"line":109,"column":31},"end":{"line":109,"column":36}},"loc":{"start":{"line":109,"column":50},"end":{"line":125,"column":1}}},"9":{"name":"(anonymous_9)","decl":{"start":{"line":127,"column":33},"end":{"line":127,"column":38}},"loc":{"start":{"line":127,"column":52},"end":{"line":143,"column":1}}},"10":{"name":"(anonymous_10)","decl":{"start":{"line":145,"column":30},"end":{"line":145,"column":35}},"loc":{"start":{"line":145,"column":49},"end":{"line":173,"column":1}}},"11":{"name":"(anonymous_11)","decl":{"start":{"line":175,"column":30},"end":{"line":175,"column":35}},"loc":{"start":{"line":175,"column":49},"end":{"line":188,"column":1}}},"12":{"name":"(anonymous_12)","decl":{"start":{"line":208,"column":35},"end":{"line":208,"column":40}},"loc":{"start":{"line":208,"column":54},"end":{"line":251,"column":1}}},"13":{"name":"(anonymous_13)","decl":{"start":{"line":231,"column":51},"end":{"line":231,"column":54}},"loc":{"start":{"line":231,"column":56},"end":{"line":231,"column":59}}}},"branchMap":{"0":{"loc":{"start":{"line":15,"column":2},"end":{"line":18,"column":3}},"type":"if","locations":[{"start":{"line":15,"column":2},"end":{"line":18,"column":3}},{"start":{},"end":{}}]},"1":{"loc":{"start":{"line":16,"column":18},"end":{"line":16,"column":72}},"type":"cond-expr","locations":[{"start":{"line":16,"column":24},"end":{"line":16,"column":68}},{"start":{"line":16,"column":71},"end":{"line":16,"column":72}}]},"2":{"loc":{"start":{"line":17,"column":20},"end":{"line":17,"column":42}},"type":"binary-expr","locations":[{"start":{"line":17,"column":20},"end":{"line":17,"column":37}},{"start":{"line":17,"column":41},"end":{"line":17,"column":42}}]},"3":{"loc":{"start":{"line":19,"column":15},"end":{"line":19,"column":69}},"type":"cond-expr","locations":[{"start":{"line":19,"column":21},"end":{"line":19,"column":64}},{"start":{"line":19,"column":67},"end":{"line":19,"column":69}}]},"4":{"loc":{"start":{"line":20,"column":17},"end":{"line":20,"column":38}},"type":"binary-expr","locations":[{"start":{"line":20,"column":17},"end":{"line":20,"column":33}},{"start":{"line":20,"column":37},"end":{"line":20,"column":38}}]},"5":{"loc":{"start":{"line":28,"column":2},"end":{"line":28,"column":31}},"type":"if","locations":[{"start":{"line":28,"column":2},"end":{"line":28,"column":31}},{"start":{},"end":{}}]},"6":{"loc":{"start":{"line":28,"column":6},"end":{"line":28,"column":22}},"type":"binary-expr","locations":[{"start":{"line":28,"column":6},"end":{"line":28,"column":11}},{"start":{"line":28,"column":15},"end":{"line":28,"column":22}}]},"7":{"loc":{"start":{"line":29,"column":2},"end":{"line":36,"column":3}},"type":"if","locations":[{"start":{"line":29,"column":2},"end":{"line":36,"column":3}},{"start":{},"end":{}}]},"8":{"loc":{"start":{"line":37,"column":2},"end":{"line":44,"column":3}},"type":"if","locations":[{"start":{"line":37,"column":2},"end":{"line":44,"column":3}},{"start":{},"end":{}}]},"9":{"loc":{"start":{"line":51,"column":2},"end":{"line":53,"column":3}},"type":"if","locations":[{"start":{"line":51,"column":2},"end":{"line":53,"column":3}},{"start":{},"end":{}}]},"10":{"loc":{"start":{"line":51,"column":6},"end":{"line":51,"column":68}},"type":"binary-expr","locations":[{"start":{"line":51,"column":6},"end":{"line":51,"column":13}},{"start":{"line":51,"column":17},"end":{"line":51,"column":48}},{"start":{"line":51,"column":52},"end":{"line":51,"column":68}}]},"11":{"loc":{"start":{"line":61,"column":2},"end":{"line":66,"column":3}},"type":"if","locations":[{"start":{"line":61,"column":2},"end":{"line":66,"column":3}},{"start":{},"end":{}}]},"12":{"loc":{"start":{"line":69,"column":14},"end":{"line":69,"column":48}},"type":"cond-expr","locations":[{"start":{"line":69,"column":24},"end":{"line":69,"column":41}},{"start":{"line":69,"column":44},"end":{"line":69,"column":48}}]},"13":{"loc":{"start":{"line":79,"column":18},"end":{"line":79,"column":36}},"type":"binary-expr","locations":[{"start":{"line":79,"column":18},"end":{"line":79,"column":30}},{"start":{"line":79,"column":34},"end":{"line":79,"column":36}}]},"14":{"loc":{"start":{"line":89,"column":53},"end":{"line":89,"column":82}},"type":"binary-expr","locations":[{"start":{"line":89,"column":53},"end":{"line":89,"column":66}},{"start":{"line":89,"column":70},"end":{"line":89,"column":82}}]},"15":{"loc":{"start":{"line":101,"column":52},"end":{"line":101,"column":81}},"type":"binary-expr","locations":[{"start":{"line":101,"column":52},"end":{"line":101,"column":65}},{"start":{"line":101,"column":69},"end":{"line":101,"column":81}}]},"16":{"loc":{"start":{"line":112,"column":2},"end":{"line":112,"column":37}},"type":"if","locations":[{"start":{"line":112,"column":2},"end":{"line":112,"column":37}},{"start":{},"end":{}}]},"17":{"loc":{"start":{"line":113,"column":27},"end":{"line":113,"column":44}},"type":"binary-expr","locations":[{"start":{"line":113,"column":27},"end":{"line":113,"column":39}},{"start":{"line":113,"column":43},"end":{"line":113,"column":44}}]},"18":{"loc":{"start":{"line":130,"column":2},"end":{"line":130,"column":37}},"type":"if","locations":[{"start":{"line":130,"column":2},"end":{"line":130,"column":37}},{"start":{},"end":{}}]},"19":{"loc":{"start":{"line":131,"column":27},"end":{"line":131,"column":44}},"type":"binary-expr","locations":[{"start":{"line":131,"column":27},"end":{"line":131,"column":39}},{"start":{"line":131,"column":43},"end":{"line":131,"column":44}}]},"20":{"loc":{"start":{"line":166,"column":12},"end":{"line":166,"column":99}},"type":"binary-expr","locations":[{"start":{"line":166,"column":12},"end":{"line":166,"column":20}},{"start":{"line":166,"column":24},"end":{"line":166,"column":99}}]},"21":{"loc":{"start":{"line":179,"column":2},"end":{"line":179,"column":78}},"type":"if","locations":[{"start":{"line":179,"column":2},"end":{"line":179,"column":78}},{"start":{},"end":{}}]},"22":{"loc":{"start":{"line":182,"column":4},"end":{"line":184,"column":87}},"type":"binary-expr","locations":[{"start":{"line":182,"column":4},"end":{"line":182,"column":28}},{"start":{"line":183,"column":5},"end":{"line":183,"column":28}},{"start":{"line":183,"column":32},"end":{"line":183,"column":82}},{"start":{"line":184,"column":5},"end":{"line":184,"column":30}},{"start":{"line":184,"column":34},"end":{"line":184,"column":86}}]},"23":{"loc":{"start":{"line":185,"column":2},"end":{"line":185,"column":96}},"type":"if","locations":[{"start":{"line":185,"column":2},"end":{"line":185,"column":96}},{"start":{},"end":{}}]},"24":{"loc":{"start":{"line":211,"column":2},"end":{"line":211,"column":78}},"type":"if","locations":[{"start":{"line":211,"column":2},"end":{"line":211,"column":78}},{"start":{},"end":{}}]},"25":{"loc":{"start":{"line":215,"column":4},"end":{"line":217,"column":74}},"type":"binary-expr","locations":[{"start":{"line":215,"column":4},"end":{"line":215,"column":20}},{"start":{"line":216,"column":5},"end":{"line":216,"column":20}},{"start":{"line":216,"column":24},"end":{"line":216,"column":69}},{"start":{"line":217,"column":5},"end":{"line":217,"column":22}},{"start":{"line":217,"column":26},"end":{"line":217,"column":73}}]},"26":{"loc":{"start":{"line":218,"column":2},"end":{"line":218,"column":75}},"type":"if","locations":[{"start":{"line":218,"column":2},"end":{"line":218,"column":75}},{"start":{},"end":{}}]},"27":{"loc":{"start":{"line":220,"column":18},"end":{"line":220,"column":59}},"type":"binary-expr","locations":[{"start":{"line":220,"column":18},"end":{"line":220,"column":53}},{"start":{"line":220,"column":57},"end":{"line":220,"column":59}}]},"28":{"loc":{"start":{"line":221,"column":2},"end":{"line":225,"column":3}},"type":"if","locations":[{"start":{"line":221,"column":2},"end":{"line":225,"column":3}},{"start":{},"end":{}}]},"29":{"loc":{"start":{"line":228,"column":2},"end":{"line":228,"column":92}},"type":"if","locations":[{"start":{"line":228,"column":2},"end":{"line":228,"column":92}},{"start":{},"end":{}}]},"30":{"loc":{"start":{"line":242,"column":24},"end":{"line":242,"column":71}},"type":"cond-expr","locations":[{"start":{"line":242,"column":42},"end":{"line":242,"column":56}},{"start":{"line":242,"column":59},"end":{"line":242,"column":71}}]}},"s":{"0":1,"1":1,"2":0,"3":0,"4":0,"5":0,"6":0,"7":0,"8":0,"9":0,"10":0,"11":0,"12":0,"13":0,"14":0,"15":1,"16":0,"17":0,"18":0,"19":0,"20":0,"21":0,"22":0,"23":0,"24":0,"25":0,"26":0,"27":0,"28":0,"29":0,"30":0,"31":0,"32":0,"33":0,"34":1,"35":0,"36":0,"37":0,"38":0,"39":0,"40":0,"41":0,"42":0,"43":0,"44":1,"45":0,"46":0,"47":0,"48":0,"49":0,"50":0,"51":0,"52":0,"53":0,"54":1,"55":0,"56":0,"57":0,"58":1,"59":0,"60":0,"61":0,"62":0,"63":0,"64":0,"65":0,"66":1,"67":1,"68":0,"69":0,"70":0,"71":0,"72":0,"73":0,"74":0,"75":0,"76":0,"77":0,"78":0,"79":0,"80":0,"81":0,"82":0,"83":0,"84":0,"85":0,"86":0,"87":0,"88":0,"89":0,"90":0,"91":0},"f":{"0":0,"1":0,"2":0,"3":0,"4":0,"5":0,"6":0,"7":0,"8":0,"9":0,"10":0,"11":0,"12":0,"13":0},"b":{"0":[0,0],"1":[0,0],"2":[0,0],"3":[0,0],"4":[0,0],"5":[0,0],"6":[0,0],"7":[0,0],"8":[0,0],"9":[0,0],"10":[0,0,0],"11":[0,0],"12":[0,0],"13":[0,0],"14":[0,0],"15":[0,0],"16":[0,0],"17":[0,0],"18":[0,0],"19":[0,0],"20":[0,0],"21":[0,0],"22":[0,0,0,0,0],"23":[0,0],"24":[0,0],"25":[0,0,0,0,0],"26":[0,0],"27":[0,0],"28":[0,0],"29":[0,0],"30":[0,0]}}
,"C:\\Users\\nayak\\OneDrive\\Desktop\\Projects\\web\\MyMate\\backend\\controllers\\driverController.ts": {"path":"C:\\Users\\nayak\\OneDrive\\Desktop\\Projects\\web\\MyMate\\backend\\controllers\\driverController.ts","statementMap":{"0":{"start":{"line":9,"column":17},"end":{"line":15,"column":2}},"1":{"start":{"line":17,"column":26},"end":{"line":58,"column":1}},"2":{"start":{"line":21,"column":6},"end":{"line":21,"column":15}},"3":{"start":{"line":23,"column":17},"end":{"line":23,"column":58}},"4":{"start":{"line":25,"column":2},"end":{"line":25,"column":70}},"5":{"start":{"line":25,"column":16},"end":{"line":25,"column":70}},"6":{"start":{"line":26,"column":2},"end":{"line":26,"column":78}},"7":{"start":{"line":26,"column":21},"end":{"line":26,"column":78}},"8":{"start":{"line":27,"column":2},"end":{"line":27,"column":68}},"9":{"start":{"line":27,"column":17},"end":{"line":27,"column":68}},"10":{"start":{"line":28,"column":2},"end":{"line":28,"column":53}},"11":{"start":{"line":28,"column":19},"end":{"line":28,"column":53}},"12":{"start":{"line":29,"column":2},"end":{"line":32,"column":3}},"13":{"start":{"line":30,"column":18},"end":{"line":30,"column":83}},"14":{"start":{"line":30,"column":58},"end":{"line":30,"column":66}},"15":{"start":{"line":31,"column":4},"end":{"line":31,"column":56}},"16":{"start":{"line":31,"column":22},"end":{"line":31,"column":56}},"17":{"start":{"line":34,"column":2},"end":{"line":42,"column":3}},"18":{"start":{"line":35,"column":23},"end":{"line":35,"column":25}},"19":{"start":{"line":36,"column":4},"end":{"line":36,"column":51}},"20":{"start":{"line":36,"column":17},"end":{"line":36,"column":51}},"21":{"start":{"line":37,"column":4},"end":{"line":37,"column":51}},"22":{"start":{"line":37,"column":17},"end":{"line":37,"column":51}},"23":{"start":{"line":38,"column":4},"end":{"line":41,"column":5}},"24":{"start":{"line":39,"column":6},"end":{"line":40,"column":41}},"25":{"start":{"line":39,"column":36},"end":{"line":39,"column":67}},"26":{"start":{"line":40,"column":11},"end":{"line":40,"column":41}},"27":{"start":{"line":44,"column":21},"end":{"line":44,"column":54}},"28":{"start":{"line":45,"column":18},"end":{"line":45,"column":48}},"29":{"start":{"line":46,"column":19},"end":{"line":46,"column":44}},"30":{"start":{"line":47,"column":15},"end":{"line":47,"column":39}},"31":{"start":{"line":49,"column":27},"end":{"line":52,"column":4}},"32":{"start":{"line":54,"column":2},"end":{"line":57,"column":5}},"33":{"start":{"line":55,"column":32},"end":{"line":55,"column":49}},"34":{"start":{"line":60,"column":30},"end":{"line":78,"column":1}},"35":{"start":{"line":61,"column":49},"end":{"line":69,"column":4}},"36":{"start":{"line":70,"column":2},"end":{"line":77,"column":5}},"37":{"start":{"line":80,"column":29},"end":{"line":84,"column":1}},"38":{"start":{"line":81,"column":17},"end":{"line":81,"column":60}},"39":{"start":{"line":82,"column":2},"end":{"line":82,"column":76}},"40":{"start":{"line":82,"column":15},"end":{"line":82,"column":76}},"41":{"start":{"line":83,"column":2},"end":{"line":83,"column":47}},"42":{"start":{"line":86,"column":35},"end":{"line":132,"column":1}},"43":{"start":{"line":87,"column":17},"end":{"line":87,"column":52}},"44":{"start":{"line":91,"column":6},"end":{"line":91,"column":14}},"45":{"start":{"line":93,"column":2},"end":{"line":93,"column":45}},"46":{"start":{"line":93,"column":26},"end":{"line":93,"column":45}},"47":{"start":{"line":94,"column":2},"end":{"line":94,"column":48}},"48":{"start":{"line":94,"column":27},"end":{"line":94,"column":48}},"49":{"start":{"line":95,"column":2},"end":{"line":95,"column":66}},"50":{"start":{"line":95,"column":33},"end":{"line":95,"column":66}},"51":{"start":{"line":96,"column":2},"end":{"line":96,"column":57}},"52":{"start":{"line":96,"column":30},"end":{"line":96,"column":57}},"53":{"start":{"line":97,"column":2},"end":{"line":97,"column":86}},"54":{"start":{"line":97,"column":37},"end":{"line":97,"column":86}},"55":{"start":{"line":98,"column":2},"end":{"line":98,"column":71}},"56":{"start":{"line":98,"column":32},"end":{"line":98,"column":71}},"57":{"start":{"line":99,"column":2},"end":{"line":99,"column":68}},"58":{"start":{"line":99,"column":31},"end":{"line":99,"column":68}},"59":{"start":{"line":100,"column":2},"end":{"line":100,"column":42}},"60":{"start":{"line":100,"column":25},"end":{"line":100,"column":42}},"61":{"start":{"line":101,"column":2},"end":{"line":101,"column":69}},"62":{"start":{"line":101,"column":34},"end":{"line":101,"column":69}},"63":{"start":{"line":102,"column":2},"end":{"line":106,"column":3}},"64":{"start":{"line":103,"column":4},"end":{"line":105,"column":23}},"65":{"start":{"line":107,"column":2},"end":{"line":112,"column":3}},"66":{"start":{"line":108,"column":4},"end":{"line":111,"column":23}},"67":{"start":{"line":110,"column":18},"end":{"line":110,"column":26}},"68":{"start":{"line":114,"column":16},"end":{"line":114,"column":31}},"69":{"start":{"line":115,"column":2},"end":{"line":121,"column":3}},"70":{"start":{"line":116,"column":24},"end":{"line":116,"column":53}},"71":{"start":{"line":117,"column":30},"end":{"line":117,"column":92}},"72":{"start":{"line":118,"column":4},"end":{"line":118,"column":44}},"73":{"start":{"line":119,"column":4},"end":{"line":119,"column":70}},"74":{"start":{"line":119,"column":41},"end":{"line":119,"column":70}},"75":{"start":{"line":120,"column":4},"end":{"line":120,"column":55}},"76":{"start":{"line":120,"column":21},"end":{"line":120,"column":55}},"77":{"start":{"line":122,"column":2},"end":{"line":127,"column":3}},"78":{"start":{"line":123,"column":24},"end":{"line":123,"column":47}},"79":{"start":{"line":124,"column":30},"end":{"line":124,"column":85}},"80":{"start":{"line":125,"column":4},"end":{"line":125,"column":38}},"81":{"start":{"line":126,"column":4},"end":{"line":126,"column":55}},"82":{"start":{"line":126,"column":21},"end":{"line":126,"column":55}},"83":{"start":{"line":129,"column":2},"end":{"line":129,"column":22}},"84":{"start":{"line":130,"column":20},"end":{"line":130,"column":65}},"85":{"start":{"line":131,"column":2},"end":{"line":131,"column":62}},"86":{"start":{"line":134,"column":37},"end":{"line":150,"column":1}},"87":{"start":{"line":135,"column":17},"end":{"line":135,"column":76}},"88":{"start":{"line":136,"column":2},"end":{"line":136,"column":76}},"89":{"start":{"line":136,"column":15},"end":{"line":136,"column":76}},"90":{"start":{"line":138,"column":23},"end":{"line":144,"column":6}},"91":{"start":{"line":146,"column":2},"end":{"line":149,"column":5}}},"fnMap":{"0":{"name":"(anonymous_0)","decl":{"start":{"line":17,"column":26},"end":{"line":17,"column":31}},"loc":{"start":{"line":17,"column":45},"end":{"line":58,"column":1}}},"1":{"name":"(anonymous_1)","decl":{"start":{"line":30,"column":51},"end":{"line":30,"column":52}},"loc":{"start":{"line":30,"column":58},"end":{"line":30,"column":66}}},"2":{"name":"(anonymous_2)","decl":{"start":{"line":55,"column":25},"end":{"line":55,"column":26}},"loc":{"start":{"line":55,"column":32},"end":{"line":55,"column":49}}},"3":{"name":"(anonymous_3)","decl":{"start":{"line":60,"column":30},"end":{"line":60,"column":35}},"loc":{"start":{"line":60,"column":49},"end":{"line":78,"column":1}}},"4":{"name":"(anonymous_4)","decl":{"start":{"line":80,"column":29},"end":{"line":80,"column":34}},"loc":{"start":{"line":80,"column":48},"end":{"line":84,"column":1}}},"5":{"name":"(anonymous_5)","decl":{"start":{"line":86,"column":35},"end":{"line":86,"column":40}},"loc":{"start":{"line":86,"column":54},"end":{"line":132,"column":1}}},"6":{"name":"(anonymous_6)","decl":{"start":{"line":110,"column":11},"end":{"line":110,"column":12}},"loc":{"start":{"line":110,"column":18},"end":{"line":110,"column":26}}},"7":{"name":"(anonymous_7)","decl":{"start":{"line":134,"column":37},"end":{"line":134,"column":42}},"loc":{"start":{"line":134,"column":56},"end":{"line":150,"column":1}}}},"branchMap":{"0":{"loc":{"start":{"line":25,"column":2},"end":{"line":25,"column":70}},"type":"if","locations":[{"start":{"line":25,"column":2},"end":{"line":25,"column":70}},{"start":{},"end":{}}]},"1":{"loc":{"start":{"line":26,"column":2},"end":{"line":26,"column":78}},"type":"if","locations":[{"start":{"line":26,"column":2},"end":{"line":26,"column":78}},{"start":{},"end":{}}]},"2":{"loc":{"start":{"line":27,"column":2},"end":{"line":27,"column":68}},"type":"if","locations":[{"start":{"line":27,"column":2},"end":{"line":27,"column":68}},{"start":{},"end":{}}]},"3":{"loc":{"start":{"line":28,"column":2},"end":{"line":28,"column":53}},"type":"if","locations":[{"start":{"line":28,"column":2},"end":{"line":28,"column":53}},{"start":{},"end":{}}]},"4":{"loc":{"start":{"line":29,"column":2},"end":{"line":32,"column":3}},"type":"if","locations":[{"start":{"line":29,"column":2},"end":{"line":32,"column":3}},{"start":{},"end":{}}]},"5":{"loc":{"start":{"line":31,"column":4},"end":{"line":31,"column":56}},"type":"if","locations":[{"start":{"line":31,"column":4},"end":{"line":31,"column":56}},{"start":{},"end":{}}]},"6":{"loc":{"start":{"line":34,"column":2},"end":{"line":42,"column":3}},"type":"if","locations":[{"start":{"line":34,"column":2},"end":{"line":42,"column":3}},{"start":{},"end":{}}]},"7":{"loc":{"start":{"line":36,"column":4},"end":{"line":36,"column":51}},"type":"if","locations":[{"start":{"line":36,"column":4},"end":{"line":36,"column":51}},{"start":{},"end":{}}]},"8":{"loc":{"start":{"line":37,"column":4},"end":{"line":37,"column":51}},"type":"if","locations":[{"start":{"line":37,"column":4},"end":{"line":37,"column":51}},{"start":{},"end":{}}]},"9":{"loc":{"start":{"line":38,"column":4},"end":{"line":41,"column":5}},"type":"if","locations":[{"start":{"line":38,"column":4},"end":{"line":41,"column":5}},{"start":{},"end":{}}]},"10":{"loc":{"start":{"line":39,"column":6},"end":{"line":40,"column":41}},"type":"if","locations":[{"start":{"line":39,"column":6},"end":{"line":40,"column":41}},{"start":{"line":40,"column":11},"end":{"line":40,"column":41}}]},"11":{"loc":{"start":{"line":44,"column":21},"end":{"line":44,"column":54}},"type":"binary-expr","locations":[{"start":{"line":44,"column":21},"end":{"line":44,"column":35}},{"start":{"line":44,"column":39},"end":{"line":44,"column":54}}]},"12":{"loc":{"start":{"line":45,"column":27},"end":{"line":45,"column":44}},"type":"binary-expr","locations":[{"start":{"line":45,"column":27},"end":{"line":45,"column":39}},{"start":{"line":45,"column":43},"end":{"line":45,"column":44}}]},"13":{"loc":{"start":{"line":74,"column":19},"end":{"line":74,"column":70}},"type":"cond-expr","locations":[{"start":{"line":74,"column":28},"end":{"line":74,"column":66}},{"start":{"line":74,"column":69},"end":{"line":74,"column":70}}]},"14":{"loc":{"start":{"line":82,"column":2},"end":{"line":82,"column":76}},"type":"if","locations":[{"start":{"line":82,"column":2},"end":{"line":82,"column":76}},{"start":{},"end":{}}]},"15":{"loc":{"start":{"line":93,"column":2},"end":{"line":93,"column":45}},"type":"if","locations":[{"start":{"line":93,"column":2},"end":{"line":93,"column":45}},{"start":{},"end":{}}]},"16":{"loc":{"start":{"line":94,"column":2},"end":{"line":94,"column":48}},"type":"if","locations":[{"start":{"line":94,"column":2},"end":{"line":94,"column":48}},{"start":{},"end":{}}]},"17":{"loc":{"start":{"line":95,"column":2},"end":{"line":95,"column":66}},"type":"if","locations":[{"start":{"line":95,"column":2},"end":{"line":95,"column":66}},{"start":{},"end":{}}]},"18":{"loc":{"start":{"line":96,"column":2},"end":{"line":96,"column":57}},"type":"if","locations":[{"start":{"line":96,"column":2},"end":{"line":96,"column":57}},{"start":{},"end":{}}]},"19":{"loc":{"start":{"line":97,"column":2},"end":{"line":97,"column":86}},"type":"if","locations":[{"start":{"line":97,"column":2},"end":{"line":97,"column":86}},{"start":{},"end":{}}]},"20":{"loc":{"start":{"line":98,"column":2},"end":{"line":98,"column":71}},"type":"if","locations":[{"start":{"line":98,"column":2},"end":{"line":98,"column":71}},{"start":{},"end":{}}]},"21":{"loc":{"start":{"line":99,"column":2},"end":{"line":99,"column":68}},"type":"if","locations":[{"start":{"line":99,"column":2},"end":{"line":99,"column":68}},{"start":{},"end":{}}]},"22":{"loc":{"start":{"line":100,"column":2},"end":{"line":100,"column":42}},"type":"if","locations":[{"start":{"line":100,"column":2},"end":{"line":100,"column":42}},{"start":{},"end":{}}]},"23":{"loc":{"start":{"line":101,"column":2},"end":{"line":101,"column":69}},"type":"if","locations":[{"start":{"line":101,"column":2},"end":{"line":101,"column":69}},{"start":{},"end":{}}]},"24":{"loc":{"start":{"line":102,"column":2},"end":{"line":106,"column":3}},"type":"if","locations":[{"start":{"line":102,"column":2},"end":{"line":106,"column":3}},{"start":{},"end":{}}]},"25":{"loc":{"start":{"line":103,"column":26},"end":{"line":105,"column":22}},"type":"cond-expr","locations":[{"start":{"line":104,"column":8},"end":{"line":104,"column":36}},{"start":{"line":105,"column":8},"end":{"line":105,"column":22}}]},"26":{"loc":{"start":{"line":107,"column":2},"end":{"line":112,"column":3}},"type":"if","locations":[{"start":{"line":107,"column":2},"end":{"line":112,"column":3}},{"start":{},"end":{}}]},"27":{"loc":{"start":{"line":114,"column":16},"end":{"line":114,"column":31}},"type":"binary-expr","locations":[{"start":{"line":114,"column":16},"end":{"line":114,"column":25}},{"start":{"line":114,"column":29},"end":{"line":114,"column":31}}]},"28":{"loc":{"start":{"line":115,"column":2},"end":{"line":121,"column":3}},"type":"if","locations":[{"start":{"line":115,"column":2},"end":{"line":121,"column":3}},{"start":{},"end":{}}]},"29":{"loc":{"start":{"line":115,"column":6},"end":{"line":115,"column":49}},"type":"binary-expr","locations":[{"start":{"line":115,"column":6},"end":{"line":115,"column":24}},{"start":{"line":115,"column":28},"end":{"line":115,"column":49}}]},"30":{"loc":{"start":{"line":119,"column":4},"end":{"line":119,"column":70}},"type":"if","locations":[{"start":{"line":119,"column":4},"end":{"line":119,"column":70}},{"start":{},"end":{}}]},"31":{"loc":{"start":{"line":120,"column":4},"end":{"line":120,"column":55}},"type":"if","locations":[{"start":{"line":120,"column":4},"end":{"line":120,"column":55}},{"start":{},"end":{}}]},"32":{"loc":{"start":{"line":122,"column":2},"end":{"line":127,"column":3}},"type":"if","locations":[{"start":{"line":122,"column":2},"end":{"line":127,"column":3}},{"start":{},"end":{}}]},"33":{"loc":{"start":{"line":122,"column":6},"end":{"line":122,"column":37}},"type":"binary-expr","locations":[{"start":{"line":122,"column":6},"end":{"line":122,"column":18}},{"start":{"line":122,"column":22},"end":{"line":122,"column":37}}]},"34":{"loc":{"start":{"line":126,"column":4},"end":{"line":126,"column":55}},"type":"if","locations":[{"start":{"line":126,"column":4},"end":{"line":126,"column":55}},{"start":{},"end":{}}]},"35":{"loc":{"start":{"line":136,"column":2},"end":{"line":136,"column":76}},"type":"if","locations":[{"start":{"line":136,"column":2},"end":{"line":136,"column":76}},{"start":{},"end":{}}]},"36":{"loc":{"start":{"line":147,"column":19},"end":{"line":147,"column":44}},"type":"binary-expr","locations":[{"start":{"line":147,"column":19},"end":{"line":147,"column":39}},{"start":{"line":147,"column":43},"end":{"line":147,"column":44}}]}},"s":{"0":1,"1":1,"2":0,"3":0,"4":0,"5":0,"6":0,"7":0,"8":0,"9":0,"10":0,"11":0,"12":0,"13":0,"14":0,"15":0,"16":0,"17":0,"18":0,"19":0,"20":0,"21":0,"22":0,"23":0,"24":0,"25":0,"26":0,"27":0,"28":0,"29":0,"30":0,"31":0,"32":0,"33":0,"34":1,"35":0,"36":0,"37":1,"38":0,"39":0,"40":0,"41":0,"42":1,"43":0,"44":0,"45":0,"46":0,"47":0,"48":0,"49":0,"50":0,"51":0,"52":0,"53":0,"54":0,"55":0,"56":0,"57":0,"58":0,"59":0,"60":0,"61":0,"62":0,"63":0,"64":0,"65":0,"66":0,"67":0,"68":0,"69":0,"70":0,"71":0,"72":0,"73":0,"74":0,"75":0,"76":0,"77":0,"78":0,"79":0,"80":0,"81":0,"82":0,"83":0,"84":0,"85":0,"86":1,"87":0,"88":0,"89":0,"90":0,"91":0},"f":{"0":0,"1":0,"2":0,"3":0,"4":0,"5":0,"6":0,"7":0},"b":{"0":[0,0],"1":[0,0],"2":[0,0],"3":[0,0],"4":[0,0],"5":[0,0],"6":[0,0],"7":[0,0],"8":[0,0],"9":[0,0],"10":[0,0],"11":[0,0],"12":[0,0],"13":[0,0],"14":[0,0],"15":[0,0],"16":[0,0],"17":[0,0],"18":[0,0],"19":[0,0],"20":[0,0],"21":[0,0],"22":[0,0],"23":[0,0],"24":[0,0],"25":[0,0],"26":[0,0],"27":[0,0],"28":[0,0],"29":[0,0],"30":[0,0],"31":[0,0],"32":[0,0],"33":[0,0],"34":[0,0],"35":[0,0],"36":[0,0]}}
[...]
,"C:\\Users\\nayak\\OneDrive\\Desktop\\Projects\\web\\MyMate\\backend\\routes\\messageRoutes.ts": {"path":"C:\\Users\\nayak\\OneDrive\\Desktop\\Projects\\web\\MyMate\\backend\\routes\\messageRoutes.ts","statementMap":{"0":{"start":{"line":12,"column":15},"end":{"line":12,"column":23}},"1":{"start":{"line":14,"column":0},"end":{"line":14,"column":43}},"2":{"start":{"line":16,"column":0},"end":{"line":16,"column":55}},"3":{"start":{"line":17,"column":0},"end":{"line":17,"column":47}},"4":{"start":{"line":18,"column":0},"end":{"line":18,"column":44}},"5":{"start":{"line":19,"column":0},"end":{"line":19,"column":30}},"6":{"start":{"line":20,"column":0},"end":{"line":20,"column":58}}},"fnMap":{},"branchMap":{},"s":{"0":1,"1":1,"2":1,"3":1,"4":1,"5":1,"6":1},"f":{},"b":{}}
,"C:\\Users\\nayak\\OneDrive\\Desktop\\Projects\\web\\MyMate\\backend\\routes\\notificationRoutes.ts": {"path":"C:\\Users\\nayak\\OneDrive\\Desktop\\Projects\\web\\MyMate\\backend\\routes\\notificationRoutes.ts","statementMap":{"0":{"start":{"line":6,"column":15},"end":{"line":6,"column":23}},"1":{"start":{"line":8,"column":0},"end":{"line":8,"column":43}},"2":{"start":{"line":10,"column":0},"end":{"line":10,"column":34}},"3":{"start":{"line":11,"column":0},"end":{"line":11,"column":36}},"4":{"start":{"line":12,"column":0},"end":{"line":12,"column":39}}},"fnMap":{},"branchMap":{},"s":{"0":1,"1":1,"2":1,"3":1,"4":1},"f":{},"b":{}}
,"C:\\Users\\nayak\\OneDrive\\Desktop\\Projects\\web\\MyMate\\backend\\routes\\paymentRoutes.ts": {"path":"C:\\Users\\nayak\\OneDrive\\Desktop\\Projects\\web\\MyMate\\backend\\routes\\paymentRoutes.ts","statementMap":{"0":{"start":{"line":12,"column":15},"end":{"line":12,"column":23}},"1":{"start":{"line":14,"column":0},"end":{"line":14,"column":82}},"2":{"start":{"line":15,"column":0},"end":{"line":15,"column":78}},"3":{"start":{"line":16,"column":0},"end":{"line":16,"column":61}},"4":{"start":{"line":17,"column":0},"end":{"line":17,"column":63}}},"fnMap":{},"branchMap":{},"s":{"0":1,"1":1,"2":1,"3":1,"4":1},"f":{},"b":{}}
,"C:\\Users\\nayak\\OneDrive\\Desktop\\Projects\\web\\MyMate\\backend\\routes\\reviewRoutes.ts": {"path":"C:\\Users\\nayak\\OneDrive\\Desktop\\Projects\\web\\MyMate\\backend\\routes\\reviewRoutes.ts","statementMap":{"0":{"start":{"line":13,"column":15},"end":{"line":13,"column":23}},"1":{"start":{"line":15,"column":0},"end":{"line":15,"column":72}},"2":{"start":{"line":16,"column":0},"end":{"line":16,"column":50}},"3":{"start":{"line":17,"column":0},"end":{"line":17,"column":61}},"4":{"start":{"line":18,"column":0},"end":{"line":18,"column":57}},"5":{"start":{"line":19,"column":0},"end":{"line":19,"column":60}}},"fnMap":{},"branchMap":{},"s":{"0":1,"1":1,"2":1,"3":1,"4":1,"5":1},"f":{},"b":{}}
,"C:\\Users\\nayak\\OneDrive\\Desktop\\Projects\\web\\MyMate\\backend\\routes\\userRoutes.ts": {"path":"C:\\Users\\nayak\\OneDrive\\Desktop\\Projects\\web\\MyMate\\backend\\routes\\userRoutes.ts","statementMap":{"0":{"start":{"line":8,"column":15},"end":{"line":8,"column":23}},"1":{"start":{"line":10,"column":0},"end":{"line":10,"column":104}},"2":{"start":{"line":12,"column":0},"end":{"line":12,"column":35}},"3":{"start":{"line":14,"column":0},"end":{"line":14,"column":39}},"4":{"start":{"line":15,"column":0},"end":{"line":15,"column":67}}},"fnMap":{},"branchMap":{},"s":{"0":1,"1":1,"2":1,"3":1,"4":1},"f":{},"b":{}}
,"C:\\Users\\nayak\\OneDrive\\Desktop\\Projects\\web\\MyMate\\backend\\utils\\cronJobs.ts": {"path":"C:\\Users\\nayak\\OneDrive\\Desktop\\Projects\\web\\MyMate\\backend\\utils\\cronJobs.ts","statementMap":{"0":{"start":{"line":6,"column":29},"end":{"line":30,"column":1}},"1":{"start":{"line":7,"column":2},"end":{"line":27,"column":5}},"2":{"start":{"line":8,"column":4},"end":{"line":26,"column":5}},"3":{"start":{"line":9,"column":33},"end":{"line":9,"column":75}},"4":{"start":{"line":11,"column":21},"end":{"line":18,"column":null}},"5":{"start":{"line":21,"column":6},"end":{"line":23,"column":7}},"6":{"start":{"line":22,"column":8},"end":{"line":22,"column":86}},"7":{"start":{"line":25,"column":6},"end":{"line":25,"column":63}},"8":{"start":{"line":29,"column":2},"end":{"line":29,"column":40}}},"fnMap":{"0":{"name":"(anonymous_0)","decl":{"start":{"line":6,"column":29},"end":{"line":6,"column":32}},"loc":{"start":{"line":6,"column":34},"end":{"line":30,"column":1}}},"1":{"name":"(anonymous_1)","decl":{"start":{"line":7,"column":29},"end":{"line":7,"column":34}},"loc":{"start":{"line":7,"column":40},"end":{"line":27,"column":3}}}},"branchMap":{"0":{"loc":{"start":{"line":21,"column":6},"end":{"line":23,"column":7}},"type":"if","locations":[{"start":{"line":21,"column":6},"end":{"line":23,"column":7}},{"start":{},"end":{}}]}},"s":{"0":1,"1":0,"2":0,"3":0,"4":0,"5":0,"6":0,"7":0,"8":0},"f":{"0":0,"1":0},"b":{"0":[0,0]}}
,"C:\\Users\\nayak\\OneDrive\\Desktop\\Projects\\web\\MyMate\\backend\\utils\\pagination.ts": {"path":"C:\\Users\\nayak\\OneDrive\\Desktop\\Projects\\web\\MyMate\\backend\\utils\\pagination.ts","statementMap":{"0":{"start":{"line":3,"column":2},"end":{"line":7,"column":4}}},"fnMap":{"0":{"name":"buildPagination","decl":{"start":{"line":2,"column":16},"end":{"line":2,"column":31}},"loc":{"start":{"line":2,"column":74},"end":{"line":8,"column":1}}}},"branchMap":{"0":{"loc":{"start":{"line":5,"column":20},"end":{"line":5,"column":49}},"type":"binary-expr","locations":[{"start":{"line":5,"column":20},"end":{"line":5,"column":44}},{"start":{"line":5,"column":48},"end":{"line":5,"column":49}}]}},"s":{"0":0},"f":{"0":0},"b":{"0":[0,0]}}
,"C:\\Users\\nayak\\OneDrive\\Desktop\\Projects\\web\\MyMate\\backend\\utils\\sanitize.ts": {"path":"C:\\Users\\nayak\\OneDrive\\Desktop\\Projects\\web\\MyMate\\backend\\utils\\sanitize.ts","statementMap":{"0":{"start":{"line":2,"column":29},"end":{"line":19,"column":2}},"1":{"start":{"line":21,"column":30},"end":{"line":31,"column":1}},"2":{"start":{"line":22,"column":2},"end":{"line":22,"column":27}},"3":{"start":{"line":22,"column":15},"end":{"line":22,"column":27}},"4":{"start":{"line":23,"column":14},"end":{"line":23,"column":80}},"5":{"start":{"line":24,"column":19},"end":{"line":24,"column":21}},"6":{"start":{"line":25,"column":2},"end":{"line":27,"column":5}},"7":{"start":{"line":26,"column":4},"end":{"line":26,"column":58}},"8":{"start":{"line":26,"column":34},"end":{"line":26,"column":58}},"9":{"start":{"line":28,"column":2},"end":{"line":28,"column":55}},"10":{"start":{"line":29,"column":2},"end":{"line":29,"column":54}},"11":{"start":{"line":29,"column":32},"end":{"line":29,"column":54}},"12":{"start":{"line":30,"column":2},"end":{"line":30,"column":13}},"13":{"start":{"line":33,"column":26},"end":{"line":36,"column":1}},"14":{"start":{"line":34,"column":12},"end":{"line":34,"column":41}},"15":{"start":{"line":35,"column":2},"end":{"line":35,"column":51}}},"fnMap":{"0":{"name":"(anonymous_0)","decl":{"start":{"line":21,"column":30},"end":{"line":21,"column":31}},"loc":{"start":{"line":21,"column":76},"end":{"line":31,"column":1}}},"1":{"name":"(anonymous_1)","decl":{"start":{"line":25,"column":31},"end":{"line":25,"column":32}},"loc":{"start":{"line":25,"column":41},"end":{"line":27,"column":3}}},"2":{"name":"(anonymous_2)","decl":{"start":{"line":33,"column":26},"end":{"line":33,"column":27}},"loc":{"start":{"line":33,"column":70},"end":{"line":36,"column":1}}}},"branchMap":{"0":{"loc":{"start":{"line":21,"column":44},"end":{"line":21,"column":72}},"type":"default-arg","locations":[{"start":{"line":21,"column":70},"end":{"line":21,"column":72}}]},"1":{"loc":{"start":{"line":21,"column":46},"end":{"line":21,"column":65}},"type":"default-arg","locations":[{"start":{"line":21,"column":60},"end":{"line":21,"column":65}}]},"2":{"loc":{"start":{"line":22,"column":2},"end":{"line":22,"column":27}},"type":"if","locations":[{"start":{"line":22,"column":2},"end":{"line":22,"column":27}},{"start":{},"end":{}}]},"3":{"loc":{"start":{"line":23,"column":14},"end":{"line":23,"column":80}},"type":"cond-expr","locations":[{"start":{"line":23,"column":54},"end":{"line":23,"column":71}},{"start":{"line":23,"column":74},"end":{"line":23,"column":80}}]},"4":{"loc":{"start":{"line":26,"column":4},"end":{"line":26,"column":58}},"type":"if","locations":[{"start":{"line":26,"column":4},"end":{"line":26,"column":58}},{"start":{},"end":{}}]},"5":{"loc":{"start":{"line":29,"column":2},"end":{"line":29,"column":54}},"type":"if","locations":[{"start":{"line":29,"column":2},"end":{"line":29,"column":54}},{"start":{},"end":{}}]},"6":{"loc":{"start":{"line":29,"column":6},"end":{"line":29,"column":30}},"type":"binary-expr","locations":[{"start":{"line":29,"column":6},"end":{"line":29,"column":17}},{"start":{"line":29,"column":21},"end":{"line":29,"column":30}}]},"7":{"loc":{"start":{"line":33,"column":39},"end":{"line":33,"column":56}},"type":"default-arg","locations":[{"start":{"line":33,"column":54},"end":{"line":33,"column":56}}]},"8":{"loc":{"start":{"line":33,"column":58},"end":{"line":33,"column":66}},"type":"default-arg","locations":[{"start":{"line":33,"column":64},"end":{"line":33,"column":66}}]},"9":{"loc":{"start":{"line":34,"column":12},"end":{"line":34,"column":41}},"type":"binary-expr","locations":[{"start":{"line":34,"column":12},"end":{"line":34,"column":25}},{"start":{"line":34,"column":29},"end":{"line":34,"column":41}}]}},"s":{"0":1,"1":1,"2":0,"3":0,"4":0,"5":0,"6":0,"7":0,"8":0,"9":0,"10":0,"11":0,"12":0,"13":1,"14":0,"15":0},"f":{"0":0,"1":0,"2":0},"b":{"0":[0],"1":[0],"2":[0,0],"3":[0,0],"4":[0,0],"5":[0,0],"6":[0,0],"7":[0],"8":[0],"9":[0,0]}}
,"C:\\Users\\nayak\\OneDrive\\Desktop\\Projects\\web\\MyMate\\backend\\utils\\socket.ts": {"path":"C:\\Users\\nayak\\OneDrive\\Desktop\\Projects\\web\\MyMate\\backend\\utils\\socket.ts","statementMap":{"0":{"start":{"line":11,"column":26},"end":{"line":65,"column":1}},"1":{"start":{"line":12,"column":2},"end":{"line":18,"column":5}},"2":{"start":{"line":21,"column":2},"end":{"line":34,"column":5}},"3":{"start":{"line":22,"column":18},"end":{"line":22,"column":45}},"4":{"start":{"line":23,"column":4},"end":{"line":25,"column":5}},"5":{"start":{"line":24,"column":6},"end":{"line":24,"column":72}},"6":{"start":{"line":27,"column":4},"end":{"line":33,"column":5}},"7":{"start":{"line":28,"column":22},"end":{"line":28,"column":73}},"8":{"start":{"line":29,"column":6},"end":{"line":29,"column":28}},"9":{"start":{"line":30,"column":6},"end":{"line":30,"column":13}},"10":{"start":{"line":32,"column":6},"end":{"line":32,"column":68}},"11":{"start":{"line":36,"column":2},"end":{"line":62,"column":5}},"12":{"start":{"line":37,"column":4},"end":{"line":37,"column":79}},"13":{"start":{"line":39,"column":4},"end":{"line":41,"column":5}},"14":{"start":{"line":40,"column":6},"end":{"line":40,"column":34}},"15":{"start":{"line":43,"column":4},"end":{"line":45,"column":7}},"16":{"start":{"line":44,"column":6},"end":{"line":44,"column":42}},"17":{"start":{"line":47,"column":4},"end":{"line":49,"column":7}},"18":{"start":{"line":48,"column":6},"end":{"line":48,"column":43}},"19":{"start":{"line":51,"column":4},"end":{"line":53,"column":7}},"20":{"start":{"line":52,"column":6},"end":{"line":52,"column":44}},"21":{"start":{"line":55,"column":4},"end":{"line":57,"column":7}},"22":{"start":{"line":56,"column":6},"end":{"line":56,"column":45}},"23":{"start":{"line":59,"column":4},"end":{"line":61,"column":7}},"24":{"start":{"line":60,"column":6},"end":{"line":60,"column":55}},"25":{"start":{"line":64,"column":2},"end":{"line":64,"column":12}},"26":{"start":{"line":67,"column":21},"end":{"line":72,"column":1}},"27":{"start":{"line":68,"column":2},"end":{"line":70,"column":3}},"28":{"start":{"line":69,"column":4},"end":{"line":69,"column":50}},"29":{"start":{"line":71,"column":2},"end":{"line":71,"column":12}}},"fnMap":{"0":{"name":"(anonymous_0)","decl":{"start":{"line":11,"column":26},"end":{"line":11,"column":27}},"loc":{"start":{"line":11,"column":79},"end":{"line":65,"column":1}}},"1":{"name":"(anonymous_1)","decl":{"start":{"line":21,"column":9},"end":{"line":21,"column":10}},"loc":{"start":{"line":21,"column":47},"end":{"line":34,"column":3}}},"2":{"name":"(anonymous_2)","decl":{"start":{"line":36,"column":22},"end":{"line":36,"column":23}},"loc":{"start":{"line":36,"column":54},"end":{"line":62,"column":3}}},"3":{"name":"(anonymous_3)","decl":{"start":{"line":43,"column":30},"end":{"line":43,"column":31}},"loc":{"start":{"line":43,"column":52},"end":{"line":45,"column":5}}},"4":{"name":"(anonymous_4)","decl":{"start":{"line":47,"column":31},"end":{"line":47,"column":32}},"loc":{"start":{"line":47,"column":53},"end":{"line":49,"column":5}}},"5":{"name":"(anonymous_5)","decl":{"start":{"line":51,"column":35},"end":{"line":51,"column":36}},"loc":{"start":{"line":51,"column":62},"end":{"line":53,"column":5}}},"6":{"name":"(anonymous_6)","decl":{"start":{"line":55,"column":36},"end":{"line":55,"column":37}},"loc":{"start":{"line":55,"column":63},"end":{"line":57,"column":5}}},"7":{"name":"(anonymous_7)","decl":{"start":{"line":59,"column":28},"end":{"line":59,"column":31}},"loc":{"start":{"line":59,"column":33},"end":{"line":61,"column":5}}},"8":{"name":"(anonymous_8)","decl":{"start":{"line":67,"column":21},"end":{"line":67,"column":24}},"loc":{"start":{"line":67,"column":26},"end":{"line":72,"column":1}}}},"branchMap":{"0":{"loc":{"start":{"line":23,"column":4},"end":{"line":25,"column":5}},"type":"if","locations":[{"start":{"line":23,"column":4},"end":{"line":25,"column":5}},{"start":{},"end":{}}]},"1":{"loc":{"start":{"line":39,"column":4},"end":{"line":41,"column":5}},"type":"if","locations":[{"start":{"line":39,"column":4},"end":{"line":41,"column":5}},{"start":{},"end":{}}]},"2":{"loc":{"start":{"line":68,"column":2},"end":{"line":70,"column":3}},"type":"if","locations":[{"start":{"line":68,"column":2},"end":{"line":70,"column":3}},{"start":{},"end":{}}]}},"s":{"0":1,"1":0,"2":0,"3":0,"4":0,"5":0,"6":0,"7":0,"8":0,"9":0,"10":0,"11":0,"12":0,"13":0,"14":0,"15":0,"16":0,"17":0,"18":0,"19":0,"20":0,"21":0,"22":0,"23":0,"24":0,"25":0,"26":1,"27":0,"28":0,"29":0},"f":{"0":0,"1":0,"2":0,"3":0,"4":0,"5":0,"6":0,"7":0,"8":0},"b":{"0":[0,0],"1":[0,0],"2":[0,0]}}
,"C:\\Users\\nayak\\OneDrive\\Desktop\\Projects\\web\\MyMate\\backend\\utils\\token.ts": {"path":"C:\\Users\\nayak\\OneDrive\\Desktop\\Projects\\web\\MyMate\\backend\\utils\\token.ts","statementMap":{"0":{"start":{"line":6,"column":4},"end":{"line":8,"column":64}},"1":{"start":{"line":9,"column":2},"end":{"line":9,"column":82}}},"fnMap":{"0":{"name":"generateToken","decl":{"start":{"line":4,"column":16},"end":{"line":4,"column":29}},"loc":{"start":{"line":4,"column":56},"end":{"line":10,"column":1}}}},"branchMap":{"0":{"loc":{"start":{"line":6,"column":4},"end":{"line":8,"column":64}},"type":"cond-expr","locations":[{"start":{"line":7,"column":8},"end":{"line":7,"column":25}},{"start":{"line":8,"column":8},"end":{"line":8,"column":64}}]},"1":{"loc":{"start":{"line":8,"column":37},"end":{"line":8,"column":62}},"type":"binary-expr","locations":[{"start":{"line":8,"column":37},"end":{"line":8,"column":57}},{"start":{"line":8,"column":61},"end":{"line":8,"column":62}}]}},"s":{"0":0,"1":0},"f":{"0":0},"b":{"0":[0,0],"1":[0,0]}}
,"C:\\Users\\nayak\\OneDrive\\Desktop\\Projects\\web\\MyMate\\backend\\utils\\validators.ts": {"path":"C:\\Users\\nayak\\OneDrive\\Desktop\\Projects\\web\\MyMate\\backend\\utils\\validators.ts","statementMap":{"0":{"start":{"line":4,"column":31},"end":{"line":10,"column":1}},"1":{"start":{"line":5,"column":17},"end":{"line":5,"column":38}},"2":{"start":{"line":6,"column":2},"end":{"line":8,"column":3}},"3":{"start":{"line":7,"column":4},"end":{"line":7,"column":68}},"4":{"start":{"line":9,"column":2},"end":{"line":9,"column":9}},"5":{"start":{"line":13,"column":37},"end":{"line":19,"column":2}},"6":{"start":{"line":21,"column":34},"end":{"line":25,"column":2}},"7":{"start":{"line":27,"column":39},"end":{"line":33,"column":2}},"8":{"start":{"line":35,"column":36},"end":{"line":39,"column":2}},"9":{"start":{"line":41,"column":35},"end":{"line":44,"column":2}},"10":{"start":{"line":46,"column":44},"end":{"line":50,"column":2}},"11":{"start":{"line":52,"column":46},"end":{"line":69,"column":2}},"12":{"start":{"line":62,"column":18},"end":{"line":62,"column":56}},"13":{"start":{"line":63,"column":6},"end":{"line":65,"column":7}},"14":{"start":{"line":64,"column":8},"end":{"line":64,"column":65}},"15":{"start":{"line":66,"column":6},"end":{"line":66,"column":18}},"16":{"start":{"line":71,"column":32},"end":{"line":96,"column":2}},"17":{"start":{"line":77,"column":18},"end":{"line":77,"column":28}},"18":{"start":{"line":78,"column":23},"end":{"line":78,"column":134}},"19":{"start":{"line":79,"column":6},"end":{"line":81,"column":7}},"20":{"start":{"line":80,"column":8},"end":{"line":80,"column":60}},"21":{"start":{"line":82,"column":6},"end":{"line":82,"column":18}},"22":{"start":{"line":88,"column":6},"end":{"line":90,"column":7}},"23":{"start":{"line":89,"column":8},"end":{"line":89,"column":64}},"24":{"start":{"line":91,"column":6},"end":{"line":91,"column":18}},"25":{"start":{"line":98,"column":31},"end":{"line":104,"column":2}},"26":{"start":{"line":106,"column":39},"end":{"line":110,"column":2}},"27":{"start":{"line":112,"column":39},"end":{"line":116,"column":2}},"28":{"start":{"line":118,"column":38},"end":{"line":123,"column":2}}},"fnMap":{"0":{"name":"(anonymous_0)","decl":{"start":{"line":4,"column":31},"end":{"line":4,"column":32}},"loc":{"start":{"line":4,"column":50},"end":{"line":10,"column":1}}},"1":{"name":"(anonymous_1)","decl":{"start":{"line":61,"column":12},"end":{"line":61,"column":13}},"loc":{"start":{"line":61,"column":22},"end":{"line":67,"column":5}}},"2":{"name":"(anonymous_2)","decl":{"start":{"line":76,"column":12},"end":{"line":76,"column":13}},"loc":{"start":{"line":76,"column":22},"end":{"line":83,"column":5}}},"3":{"name":"(anonymous_3)","decl":{"start":{"line":87,"column":12},"end":{"line":87,"column":13}},"loc":{"start":{"line":87,"column":31},"end":{"line":92,"column":5}}}},"branchMap":{"0":{"loc":{"start":{"line":6,"column":2},"end":{"line":8,"column":3}},"type":"if","locations":[{"start":{"line":6,"column":2},"end":{"line":8,"column":3}},{"start":{},"end":{}}]},"1":{"loc":{"start":{"line":62,"column":18},"end":{"line":62,"column":56}},"type":"cond-expr","locations":[{"start":{"line":62,"column":41},"end":{"line":62,"column":46}},{"start":{"line":62,"column":49},"end":{"line":62,"column":56}}]},"2":{"loc":{"start":{"line":63,"column":6},"end":{"line":65,"column":7}},"type":"if","locations":[{"start":{"line":63,"column":6},"end":{"line":65,"column":7}},{"start":{},"end":{}}]},"3":{"loc":{"start":{"line":79,"column":6},"end":{"line":81,"column":7}},"type":"if","locations":[{"start":{"line":79,"column":6},"end":{"line":81,"column":7}},{"start":{},"end":{}}]},"4":{"loc":{"start":{"line":88,"column":6},"end":{"line":90,"column":7}},"type":"if","locations":[{"start":{"line":88,"column":6},"end":{"line":90,"column":7}},{"start":{},"end":{}}]},"5":{"loc":{"start":{"line":88,"column":10},"end":{"line":88,"column":65}},"type":"binary-expr","locations":[{"start":{"line":88,"column":10},"end":{"line":88,"column":15}},{"start":{"line":88,"column":19},"end":{"line":88,"column":65}}]}},"s":{"0":1,"1":0,"2":0,"3":0,"4":0,"5":1,"6":1,"7":1,"8":1,"9":1,"10":1,"11":1,"12":0,"13":0,"14":0,"15":0,"16":1,"17":0,"18":0,"19":0,"20":0,"21":0,"22":0,"23":0,"24":0,"25":1,"26":1,"27":1,"28":1},"f":{"0":0,"1":0,"2":0,"3":0},"b":{"0":[0,0],"1":[0,0],"2":[0,0],"3":[0,0],"4":[0,0],"5":[0,0]}}
}
